#-----------------------------------------------------------
# Vivado v2024.1.2 (64-bit)
# SW Build 5164865 on Thu Sep  5 14:37:11 MDT 2024
# IP Build 5164407 on Fri Sep  6 08:18:11 MDT 2024
# SharedData Build 5164864 on Thu Sep 05 13:09:09 MDT 2024
# Start of session at: Wed Oct 30 13:20:12 2024
# Process ID: 2836
# Current directory: C:/Projects/ERN24004/IP/ip_repo/adc
# Command line: vivado.exe -gui_launcher_event rodinguilauncherevent5024 C:\Projects\ERN24004\IP\ip_repo\adc\edit_adc_v1_0.xpr
# Log file: C:/Projects/ERN24004/IP/ip_repo/adc/vivado.log
# Journal file: C:/Projects/ERN24004/IP/ip_repo/adc\vivado.jou
# Running On        :DonGun
# Platform          :Windows Server 2016 or Windows 10
# Operating System  :22631
# Processor Detail  :13th Gen Intel(R) Core(TM) i7-13700K
# CPU Frequency     :3418 MHz
# CPU Physical cores:16
# CPU Logical cores :24
# Host memory       :34124 MB
# Swap memory       :2147 MB
# Total Virtual     :36272 MB
# Available Virtual :17726 MB
#-----------------------------------------------------------
start_gui
open_project C:/Projects/ERN24004/IP/ip_repo/adc/edit_adc_v1_0.xpr
WARNING: [Board 49-26] cannot add Board Part xilinx.com:vek280_es:part0:1.0 available at C:/Xilinx/Vivado/2024.1/data/xhub/boards/XilinxBoardStore/boards/Xilinx/vek280/es/rev_a/1.0/board.xml as part xcve2802-vsvh1760-2lp-e-s-es1 specified in board_part file is either invalid or not available
WARNING: [Board 49-26] cannot add Board Part xilinx.com:vek280_es:part0:1.1 available at C:/Xilinx/Vivado/2024.1/data/xhub/boards/XilinxBoardStore/boards/Xilinx/vek280/es/rev_a/1.1/board.xml as part xcve2802-vsvh1760-2lp-e-s-es1 specified in board_part file is either invalid or not available
WARNING: [Board 49-26] cannot add Board Part xilinx.com:vek280_es_revb:part0:1.0 available at C:/Xilinx/Vivado/2024.1/data/xhub/boards/XilinxBoardStore/boards/Xilinx/vek280/es/rev_b/1.0/board.xml as part xcve2802-vsvh1760-2mp-e-s-es1 specified in board_part file is either invalid or not available
WARNING: [Board 49-26] cannot add Board Part xilinx.com:vek280_es_revb:part0:1.1 available at C:/Xilinx/Vivado/2024.1/data/xhub/boards/XilinxBoardStore/boards/Xilinx/vek280/es/rev_b/1.1/board.xml as part xcve2802-vsvh1760-2mp-e-s-es1 specified in board_part file is either invalid or not available
WARNING: [Board 49-26] cannot add Board Part xilinx.com:vhk158_es:part0:1.0 available at C:/Xilinx/Vivado/2024.1/data/xhub/boards/XilinxBoardStore/boards/Xilinx/vhk158/es/1.0/board.xml as part xcvh1582-vsva3697-2mp-e-s-es1 specified in board_part file is either invalid or not available
WARNING: [Board 49-26] cannot add Board Part xilinx.com:vhk158_es:part0:1.1 available at C:/Xilinx/Vivado/2024.1/data/xhub/boards/XilinxBoardStore/boards/Xilinx/vhk158/es/1.1/board.xml as part xcvh1582-vsva3697-2mp-e-s-es1 specified in board_part file is either invalid or not available
WARNING: [Board 49-26] cannot add Board Part xilinx.com:zcu208ld:part0:2.0 available at C:/Xilinx/Vivado/2024.1/data/xhub/boards/XilinxBoardStore/boards/Xilinx/zcu208ld/production/2.0/board.xml as part xczu58dr-fsvg1517-2-i specified in board_part file is either invalid or not available
WARNING: [Board 49-26] cannot add Board Part xilinx.com:zcu216ld:part0:2.0 available at C:/Xilinx/Vivado/2024.1/data/xhub/boards/XilinxBoardStore/boards/Xilinx/zcu216ld/production/2.0/board.xml as part xczu59dr-ffvf1760-2-i specified in board_part file is either invalid or not available
WARNING: [Board 49-26] cannot add Board Part xilinx.com:zcu670ld:part0:1.0 available at C:/Xilinx/Vivado/2024.1/data/xhub/boards/XilinxBoardStore/boards/Xilinx/zcu670ld/1.0/board.xml as part xczu57dr-fsve1156-2-i specified in board_part file is either invalid or not available
INFO: [filemgmt 56-3] Default IP Output Path : Could not find the directory 'C:/Projects/ERN24004/IP/ip_repo/adc/edit_adc_v1_0.gen/sources_1'.
Scanning sources...
Finished scanning sources
INFO: [IP_Flow 19-234] Refreshing IP repositories
INFO: [IP_Flow 19-1700] Loaded user IP repository 'c:/Projects/ERN24004/IP/ip_repo/adc/adc_1_0'.
INFO: [IP_Flow 19-1700] Loaded user IP repository 'c:/Projects/ERN24004/digilent/vivado-library-master'.
INFO: [IP_Flow 19-2313] Loaded Vivado IP repository 'C:/Xilinx/Vivado/2024.1/data/ip'.
open_project: Time (s): cpu = 00:00:07 ; elapsed = 00:00:10 . Memory (MB): peak = 1760.988 ; gain = 510.359
update_compile_order -fileset sources_1
ipx::open_ipxact_file {C:\Projects\ERN24004\IP\ip_repo\adc\adc_1_0\component.xml}
WARNING: [filemgmt 56-199] Attempt to get parsing info during refresh. "On-the-fly" syntax checking information may be incorrect. [C:\Projects\ERN24004\IP\ip_repo\adc\adc_1_0\hdl\adc_master_lite_v1_0_M00_AXI.v:]
WARNING: [filemgmt 56-199] Attempt to get parsing info during refresh. "On-the-fly" syntax checking information may be incorrect. [C:\Projects\ERN24004\IP\ip_repo\adc\adc_1_0\hdl\adc.v:]
WARNING: [filemgmt 56-199] Attempt to get parsing info during refresh. "On-the-fly" syntax checking information may be incorrect. [C:\Projects\ERN24004\IP\ip_repo\adc\adc_1_0\hdl\adc_master_lite_v1_0_M00_AXI.v:]
WARNING: [filemgmt 56-199] Attempt to get parsing info during refresh. "On-the-fly" syntax checking information may be incorrect. [C:\Projects\ERN24004\IP\ip_repo\adc\adc_1_0\hdl\adc_master_lite_v1_0_M00_AXI.v:]
ERROR: [Common 17-180] Spawn failed: No error
WARNING: [filemgmt 56-199] Attempt to get parsing info during refresh. "On-the-fly" syntax checking information may be incorrect. [C:\Projects\ERN24004\IP\ip_repo\adc\adc_1_0\hdl\adc_master_lite_v1_0_M00_AXI.v:]
WARNING: [filemgmt 56-199] Attempt to get parsing info during refresh. "On-the-fly" syntax checking information may be incorrect. [C:\Projects\ERN24004\IP\ip_repo\adc\adc_1_0\hdl\adc_slave_lite_v1_0_S00_AXI.v:]
WARNING: [filemgmt 56-199] Attempt to get parsing info during refresh. "On-the-fly" syntax checking information may be incorrect. [C:\Projects\ERN24004\IP\ip_repo\adc\adc_1_0\hdl\adc.v:]
WARNING: [filemgmt 56-199] Attempt to get parsing info during refresh. "On-the-fly" syntax checking information may be incorrect. [C:\Projects\ERN24004\IP\ip_repo\adc\adc_1_0\hdl\adc_master_lite_v1_0_M00_AXI.v:]
WARNING: [filemgmt 56-199] Attempt to get parsing info during refresh. "On-the-fly" syntax checking information may be incorrect. [C:\Projects\ERN24004\IP\ip_repo\adc\adc_1_0\hdl\adc_master_lite_v1_0_M00_AXI.v:]
update_compile_order -fileset sources_1
WARNING: [filemgmt 56-199] Attempt to get parsing info during refresh. "On-the-fly" syntax checking information may be incorrect. [C:\Projects\ERN24004\IP\ip_repo\adc\adc_1_0\hdl\adc_master_lite_v1_0_M00_AXI.v:]
WARNING: [filemgmt 56-199] Attempt to get parsing info during refresh. "On-the-fly" syntax checking information may be incorrect. [C:\Projects\ERN24004\IP\ip_repo\adc\adc_1_0\hdl\adc_slave_lite_v1_0_S00_AXI.v:]
WARNING: [filemgmt 56-199] Attempt to get parsing info during refresh. "On-the-fly" syntax checking information may be incorrect. [C:\Projects\ERN24004\IP\ip_repo\adc\adc_1_0\hdl\adc.v:]
WARNING: [filemgmt 56-199] Attempt to get parsing info during refresh. "On-the-fly" syntax checking information may be incorrect. [C:\Projects\ERN24004\IP\ip_repo\adc\adc_1_0\hdl\adc_master_lite_v1_0_M00_AXI.v:]
WARNING: [filemgmt 56-199] Attempt to get parsing info during refresh. "On-the-fly" syntax checking information may be incorrect. [C:\Projects\ERN24004\IP\ip_repo\adc\adc_1_0\hdl\adc_master_lite_v1_0_M00_AXI.v:]
WARNING: [filemgmt 56-199] Attempt to get parsing info during refresh. "On-the-fly" syntax checking information may be incorrect. [C:\Projects\ERN24004\IP\ip_repo\adc\adc_1_0\hdl\adc_master_lite_v1_0_M00_AXI.v:]
WARNING: [filemgmt 56-199] Attempt to get parsing info during refresh. "On-the-fly" syntax checking information may be incorrect. [C:\Projects\ERN24004\IP\ip_repo\adc\adc_1_0\hdl\adc_slave_lite_v1_0_S00_AXI.v:]
WARNING: [filemgmt 56-199] Attempt to get parsing info during refresh. "On-the-fly" syntax checking information may be incorrect. [C:\Projects\ERN24004\IP\ip_repo\adc\adc_1_0\hdl\adc.v:]
WARNING: [filemgmt 56-199] Attempt to get parsing info during refresh. "On-the-fly" syntax checking information may be incorrect. [C:\Projects\ERN24004\IP\ip_repo\adc\adc_1_0\hdl\adc.v:]
WARNING: [filemgmt 56-199] Attempt to get parsing info during refresh. "On-the-fly" syntax checking information may be incorrect. [C:\Projects\ERN24004\IP\ip_repo\adc\adc_1_0\hdl\adc.v:]
WARNING: [filemgmt 56-199] Attempt to get parsing info during refresh. "On-the-fly" syntax checking information may be incorrect. [C:\Projects\ERN24004\IP\ip_repo\adc\adc_1_0\hdl\adc_master_lite_v1_0_M00_AXI.v:]
WARNING: [filemgmt 56-199] Attempt to get parsing info during refresh. "On-the-fly" syntax checking information may be incorrect. [C:\Projects\ERN24004\IP\ip_repo\adc\adc_1_0\hdl\adc_slave_lite_v1_0_S00_AXI.v:]
WARNING: [filemgmt 56-199] Attempt to get parsing info during refresh. "On-the-fly" syntax checking information may be incorrect. [C:\Projects\ERN24004\IP\ip_repo\adc\adc_1_0\hdl\adc.v:]
WARNING: [filemgmt 56-199] Attempt to get parsing info during refresh. "On-the-fly" syntax checking information may be incorrect. [C:\Projects\ERN24004\IP\ip_repo\adc\adc_1_0\hdl\adc_master_lite_v1_0_M00_AXI.v:]
WARNING: [filemgmt 56-199] Attempt to get parsing info during refresh. "On-the-fly" syntax checking information may be incorrect. [C:\Projects\ERN24004\IP\ip_repo\adc\adc_1_0\hdl\adc_master_lite_v1_0_M00_AXI.v:]
WARNING: [filemgmt 56-199] Attempt to get parsing info during refresh. "On-the-fly" syntax checking information may be incorrect. [C:\Projects\ERN24004\IP\ip_repo\adc\adc_1_0\hdl\adc_master_lite_v1_0_M00_AXI.v:]
WARNING: [filemgmt 56-199] Attempt to get parsing info during refresh. "On-the-fly" syntax checking information may be incorrect. [C:\Projects\ERN24004\IP\ip_repo\adc\adc_1_0\hdl\adc_slave_lite_v1_0_S00_AXI.v:]
WARNING: [filemgmt 56-199] Attempt to get parsing info during refresh. "On-the-fly" syntax checking information may be incorrect. [C:\Projects\ERN24004\IP\ip_repo\adc\adc_1_0\hdl\adc.v:]
WARNING: [filemgmt 56-199] Attempt to get parsing info during refresh. "On-the-fly" syntax checking information may be incorrect. [C:\Projects\ERN24004\IP\ip_repo\adc\adc_1_0\hdl\adc.v:]
WARNING: [filemgmt 56-199] Attempt to get parsing info during refresh. "On-the-fly" syntax checking information may be incorrect. [C:\Projects\ERN24004\IP\ip_repo\adc\adc_1_0\hdl\adc.v:]
update_compile_order -fileset sources_1
WARNING: [filemgmt 56-199] Attempt to get parsing info during refresh. "On-the-fly" syntax checking information may be incorrect. [C:\Projects\ERN24004\IP\ip_repo\adc\adc_1_0\hdl\adc_master_lite_v1_0_M00_AXI.v:]
WARNING: [filemgmt 56-199] Attempt to get parsing info during refresh. "On-the-fly" syntax checking information may be incorrect. [C:\Projects\ERN24004\IP\ip_repo\adc\adc_1_0\hdl\adc_slave_lite_v1_0_S00_AXI.v:]
WARNING: [filemgmt 56-199] Attempt to get parsing info during refresh. "On-the-fly" syntax checking information may be incorrect. [C:\Projects\ERN24004\IP\ip_repo\adc\adc_1_0\hdl\adc.v:]
WARNING: [filemgmt 56-199] Attempt to get parsing info during refresh. "On-the-fly" syntax checking information may be incorrect. [C:\Projects\ERN24004\IP\ip_repo\adc\adc_1_0\hdl\adc_master_lite_v1_0_M00_AXI.v:]
WARNING: [filemgmt 56-199] Attempt to get parsing info during refresh. "On-the-fly" syntax checking information may be incorrect. [C:\Projects\ERN24004\IP\ip_repo\adc\adc_1_0\hdl\adc_master_lite_v1_0_M00_AXI.v:]
WARNING: [filemgmt 56-199] Attempt to get parsing info during refresh. "On-the-fly" syntax checking information may be incorrect. [C:\Projects\ERN24004\IP\ip_repo\adc\adc_1_0\hdl\adc_master_lite_v1_0_M00_AXI.v:]
WARNING: [filemgmt 56-199] Attempt to get parsing info during refresh. "On-the-fly" syntax checking information may be incorrect. [C:\Projects\ERN24004\IP\ip_repo\adc\adc_1_0\hdl\adc_slave_lite_v1_0_S00_AXI.v:]
WARNING: [filemgmt 56-199] Attempt to get parsing info during refresh. "On-the-fly" syntax checking information may be incorrect. [C:\Projects\ERN24004\IP\ip_repo\adc\adc_1_0\hdl\adc.v:]
WARNING: [filemgmt 56-199] Attempt to get parsing info during refresh. "On-the-fly" syntax checking information may be incorrect. [C:\Projects\ERN24004\IP\ip_repo\adc\adc_1_0\hdl\adc.v:]
WARNING: [filemgmt 56-199] Attempt to get parsing info during refresh. "On-the-fly" syntax checking information may be incorrect. [C:\Projects\ERN24004\IP\ip_repo\adc\adc_1_0\hdl\adc.v:]
WARNING: [filemgmt 56-199] Attempt to get parsing info during refresh. "On-the-fly" syntax checking information may be incorrect. [C:\Projects\ERN24004\IP\ip_repo\adc\adc_1_0\hdl\adc_master_lite_v1_0_M00_AXI.v:]
WARNING: [filemgmt 56-199] Attempt to get parsing info during refresh. "On-the-fly" syntax checking information may be incorrect. [C:\Projects\ERN24004\IP\ip_repo\adc\adc_1_0\hdl\adc_slave_lite_v1_0_S00_AXI.v:]
WARNING: [filemgmt 56-199] Attempt to get parsing info during refresh. "On-the-fly" syntax checking information may be incorrect. [C:\Projects\ERN24004\IP\ip_repo\adc\adc_1_0\hdl\adc.v:]
WARNING: [filemgmt 56-199] Attempt to get parsing info during refresh. "On-the-fly" syntax checking information may be incorrect. [C:\Projects\ERN24004\IP\ip_repo\adc\adc_1_0\hdl\adc_master_lite_v1_0_M00_AXI.v:]
WARNING: [filemgmt 56-199] Attempt to get parsing info during refresh. "On-the-fly" syntax checking information may be incorrect. [C:\Projects\ERN24004\IP\ip_repo\adc\adc_1_0\hdl\adc_master_lite_v1_0_M00_AXI.v:]
WARNING: [filemgmt 56-199] Attempt to get parsing info during refresh. "On-the-fly" syntax checking information may be incorrect. [C:\Projects\ERN24004\IP\ip_repo\adc\adc_1_0\hdl\adc_master_lite_v1_0_M00_AXI.v:]
WARNING: [filemgmt 56-199] Attempt to get parsing info during refresh. "On-the-fly" syntax checking information may be incorrect. [C:\Projects\ERN24004\IP\ip_repo\adc\adc_1_0\hdl\adc_slave_lite_v1_0_S00_AXI.v:]
WARNING: [filemgmt 56-199] Attempt to get parsing info during refresh. "On-the-fly" syntax checking information may be incorrect. [C:\Projects\ERN24004\IP\ip_repo\adc\adc_1_0\hdl\adc.v:]
WARNING: [filemgmt 56-199] Attempt to get parsing info during refresh. "On-the-fly" syntax checking information may be incorrect. [C:\Projects\ERN24004\IP\ip_repo\adc\adc_1_0\hdl\adc.v:]
WARNING: [filemgmt 56-199] Attempt to get parsing info during refresh. "On-the-fly" syntax checking information may be incorrect. [C:\Projects\ERN24004\IP\ip_repo\adc\adc_1_0\hdl\adc.v:]
WARNING: [filemgmt 56-199] Attempt to get parsing info during refresh. "On-the-fly" syntax checking information may be incorrect. [C:\Projects\ERN24004\IP\ip_repo\adc\adc_1_0\hdl\adc_master_lite_v1_0_M00_AXI.v:]
WARNING: [filemgmt 56-199] Attempt to get parsing info during refresh. "On-the-fly" syntax checking information may be incorrect. [C:\Projects\ERN24004\IP\ip_repo\adc\adc_1_0\hdl\adc_slave_lite_v1_0_S00_AXI.v:]
WARNING: [filemgmt 56-199] Attempt to get parsing info during refresh. "On-the-fly" syntax checking information may be incorrect. [C:\Projects\ERN24004\IP\ip_repo\adc\adc_1_0\hdl\adc.v:]
WARNING: [filemgmt 56-199] Attempt to get parsing info during refresh. "On-the-fly" syntax checking information may be incorrect. [C:\Projects\ERN24004\IP\ip_repo\adc\adc_1_0\hdl\adc_master_lite_v1_0_M00_AXI.v:]
WARNING: [filemgmt 56-199] Attempt to get parsing info during refresh. "On-the-fly" syntax checking information may be incorrect. [C:\Projects\ERN24004\IP\ip_repo\adc\adc_1_0\hdl\adc_master_lite_v1_0_M00_AXI.v:]
WARNING: [filemgmt 56-199] Attempt to get parsing info during refresh. "On-the-fly" syntax checking information may be incorrect. [C:\Projects\ERN24004\IP\ip_repo\adc\adc_1_0\hdl\adc_master_lite_v1_0_M00_AXI.v:]
WARNING: [filemgmt 56-199] Attempt to get parsing info during refresh. "On-the-fly" syntax checking information may be incorrect. [C:\Projects\ERN24004\IP\ip_repo\adc\adc_1_0\hdl\adc_slave_lite_v1_0_S00_AXI.v:]
WARNING: [filemgmt 56-199] Attempt to get parsing info during refresh. "On-the-fly" syntax checking information may be incorrect. [C:\Projects\ERN24004\IP\ip_repo\adc\adc_1_0\hdl\adc.v:]
WARNING: [filemgmt 56-199] Attempt to get parsing info during refresh. "On-the-fly" syntax checking information may be incorrect. [C:\Projects\ERN24004\IP\ip_repo\adc\adc_1_0\hdl\adc.v:]
WARNING: [filemgmt 56-199] Attempt to get parsing info during refresh. "On-the-fly" syntax checking information may be incorrect. [C:\Projects\ERN24004\IP\ip_repo\adc\adc_1_0\hdl\adc.v:]
update_compile_order -fileset sources_1
WARNING: [filemgmt 56-199] Attempt to get parsing info during refresh. "On-the-fly" syntax checking information may be incorrect. [C:\Projects\ERN24004\IP\ip_repo\adc\adc_1_0\hdl\adc_master_lite_v1_0_M00_AXI.v:]
WARNING: [filemgmt 56-199] Attempt to get parsing info during refresh. "On-the-fly" syntax checking information may be incorrect. [C:\Projects\ERN24004\IP\ip_repo\adc\adc_1_0\hdl\adc_slave_lite_v1_0_S00_AXI.v:]
WARNING: [filemgmt 56-199] Attempt to get parsing info during refresh. "On-the-fly" syntax checking information may be incorrect. [C:\Projects\ERN24004\IP\ip_repo\adc\adc_1_0\hdl\adc.v:]
WARNING: [filemgmt 56-199] Attempt to get parsing info during refresh. "On-the-fly" syntax checking information may be incorrect. [C:\Projects\ERN24004\IP\ip_repo\adc\adc_1_0\hdl\adc_master_lite_v1_0_M00_AXI.v:]
WARNING: [filemgmt 56-199] Attempt to get parsing info during refresh. "On-the-fly" syntax checking information may be incorrect. [C:\Projects\ERN24004\IP\ip_repo\adc\adc_1_0\hdl\adc_master_lite_v1_0_M00_AXI.v:]
WARNING: [filemgmt 56-199] Attempt to get parsing info during refresh. "On-the-fly" syntax checking information may be incorrect. [C:\Projects\ERN24004\IP\ip_repo\adc\adc_1_0\hdl\adc_master_lite_v1_0_M00_AXI.v:]
WARNING: [filemgmt 56-199] Attempt to get parsing info during refresh. "On-the-fly" syntax checking information may be incorrect. [C:\Projects\ERN24004\IP\ip_repo\adc\adc_1_0\hdl\adc_slave_lite_v1_0_S00_AXI.v:]
WARNING: [filemgmt 56-199] Attempt to get parsing info during refresh. "On-the-fly" syntax checking information may be incorrect. [C:\Projects\ERN24004\IP\ip_repo\adc\adc_1_0\hdl\adc.v:]
WARNING: [filemgmt 56-199] Attempt to get parsing info during refresh. "On-the-fly" syntax checking information may be incorrect. [C:\Projects\ERN24004\IP\ip_repo\adc\adc_1_0\hdl\adc.v:]
WARNING: [filemgmt 56-199] Attempt to get parsing info during refresh. "On-the-fly" syntax checking information may be incorrect. [C:\Projects\ERN24004\IP\ip_repo\adc\adc_1_0\hdl\adc.v:]
WARNING: [filemgmt 56-199] Attempt to get parsing info during refresh. "On-the-fly" syntax checking information may be incorrect. [C:\Projects\ERN24004\IP\ip_repo\adc\adc_1_0\hdl\adc_master_lite_v1_0_M00_AXI.v:]
WARNING: [filemgmt 56-199] Attempt to get parsing info during refresh. "On-the-fly" syntax checking information may be incorrect. [C:\Projects\ERN24004\IP\ip_repo\adc\adc_1_0\hdl\adc_slave_lite_v1_0_S00_AXI.v:]
WARNING: [filemgmt 56-199] Attempt to get parsing info during refresh. "On-the-fly" syntax checking information may be incorrect. [C:\Projects\ERN24004\IP\ip_repo\adc\adc_1_0\hdl\adc.v:]
WARNING: [filemgmt 56-199] Attempt to get parsing info during refresh. "On-the-fly" syntax checking information may be incorrect. [C:\Projects\ERN24004\IP\ip_repo\adc\adc_1_0\hdl\adc_master_lite_v1_0_M00_AXI.v:]
WARNING: [filemgmt 56-199] Attempt to get parsing info during refresh. "On-the-fly" syntax checking information may be incorrect. [C:\Projects\ERN24004\IP\ip_repo\adc\adc_1_0\hdl\adc_master_lite_v1_0_M00_AXI.v:]
WARNING: [filemgmt 56-199] Attempt to get parsing info during refresh. "On-the-fly" syntax checking information may be incorrect. [C:\Projects\ERN24004\IP\ip_repo\adc\adc_1_0\hdl\adc_master_lite_v1_0_M00_AXI.v:]
WARNING: [filemgmt 56-199] Attempt to get parsing info during refresh. "On-the-fly" syntax checking information may be incorrect. [C:\Projects\ERN24004\IP\ip_repo\adc\adc_1_0\hdl\adc_slave_lite_v1_0_S00_AXI.v:]
WARNING: [filemgmt 56-199] Attempt to get parsing info during refresh. "On-the-fly" syntax checking information may be incorrect. [C:\Projects\ERN24004\IP\ip_repo\adc\adc_1_0\hdl\adc.v:]
WARNING: [filemgmt 56-199] Attempt to get parsing info during refresh. "On-the-fly" syntax checking information may be incorrect. [C:\Projects\ERN24004\IP\ip_repo\adc\adc_1_0\hdl\adc.v:]
WARNING: [filemgmt 56-199] Attempt to get parsing info during refresh. "On-the-fly" syntax checking information may be incorrect. [C:\Projects\ERN24004\IP\ip_repo\adc\adc_1_0\hdl\adc.v:]
WARNING: [filemgmt 56-199] Attempt to get parsing info during refresh. "On-the-fly" syntax checking information may be incorrect. [C:\Projects\ERN24004\IP\ip_repo\adc\adc_1_0\hdl\adc_master_lite_v1_0_M00_AXI.v:]
WARNING: [filemgmt 56-199] Attempt to get parsing info during refresh. "On-the-fly" syntax checking information may be incorrect. [C:\Projects\ERN24004\IP\ip_repo\adc\adc_1_0\hdl\adc_slave_lite_v1_0_S00_AXI.v:]
WARNING: [filemgmt 56-199] Attempt to get parsing info during refresh. "On-the-fly" syntax checking information may be incorrect. [C:\Projects\ERN24004\IP\ip_repo\adc\adc_1_0\hdl\adc.v:]
WARNING: [filemgmt 56-199] Attempt to get parsing info during refresh. "On-the-fly" syntax checking information may be incorrect. [C:\Projects\ERN24004\IP\ip_repo\adc\adc_1_0\hdl\adc_slave_lite_v1_0_S00_AXI.v:]
WARNING: [filemgmt 56-199] Attempt to get parsing info during refresh. "On-the-fly" syntax checking information may be incorrect. [C:\Projects\ERN24004\IP\ip_repo\adc\adc_1_0\hdl\adc_slave_lite_v1_0_S00_AXI.v:]
WARNING: [filemgmt 56-199] Attempt to get parsing info during refresh. "On-the-fly" syntax checking information may be incorrect. [C:\Projects\ERN24004\IP\ip_repo\adc\adc_1_0\hdl\adc_master_lite_v1_0_M00_AXI.v:]
WARNING: [filemgmt 56-199] Attempt to get parsing info during refresh. "On-the-fly" syntax checking information may be incorrect. [C:\Projects\ERN24004\IP\ip_repo\adc\adc_1_0\hdl\adc_slave_lite_v1_0_S00_AXI.v:]
WARNING: [filemgmt 56-199] Attempt to get parsing info during refresh. "On-the-fly" syntax checking information may be incorrect. [C:\Projects\ERN24004\IP\ip_repo\adc\adc_1_0\hdl\adc.v:]
WARNING: [filemgmt 56-199] Attempt to get parsing info during refresh. "On-the-fly" syntax checking information may be incorrect. [C:\Projects\ERN24004\IP\ip_repo\adc\adc_1_0\hdl\adc.v:]
WARNING: [filemgmt 56-199] Attempt to get parsing info during refresh. "On-the-fly" syntax checking information may be incorrect. [C:\Projects\ERN24004\IP\ip_repo\adc\adc_1_0\hdl\adc.v:]
update_compile_order -fileset sources_1
WARNING: [filemgmt 56-199] Attempt to get parsing info during refresh. "On-the-fly" syntax checking information may be incorrect. [C:\Projects\ERN24004\IP\ip_repo\adc\adc_1_0\hdl\adc_master_lite_v1_0_M00_AXI.v:]
WARNING: [filemgmt 56-199] Attempt to get parsing info during refresh. "On-the-fly" syntax checking information may be incorrect. [C:\Projects\ERN24004\IP\ip_repo\adc\adc_1_0\hdl\adc_slave_lite_v1_0_S00_AXI.v:]
WARNING: [filemgmt 56-199] Attempt to get parsing info during refresh. "On-the-fly" syntax checking information may be incorrect. [C:\Projects\ERN24004\IP\ip_repo\adc\adc_1_0\hdl\adc.v:]
WARNING: [filemgmt 56-199] Attempt to get parsing info during refresh. "On-the-fly" syntax checking information may be incorrect. [C:\Projects\ERN24004\IP\ip_repo\adc\adc_1_0\hdl\adc_master_lite_v1_0_M00_AXI.v:]
WARNING: [filemgmt 56-199] Attempt to get parsing info during refresh. "On-the-fly" syntax checking information may be incorrect. [C:\Projects\ERN24004\IP\ip_repo\adc\adc_1_0\hdl\adc_master_lite_v1_0_M00_AXI.v:]
WARNING: [filemgmt 56-199] Attempt to get parsing info during refresh. "On-the-fly" syntax checking information may be incorrect. [C:\Projects\ERN24004\IP\ip_repo\adc\adc_1_0\hdl\adc_master_lite_v1_0_M00_AXI.v:]
WARNING: [filemgmt 56-199] Attempt to get parsing info during refresh. "On-the-fly" syntax checking information may be incorrect. [C:\Projects\ERN24004\IP\ip_repo\adc\adc_1_0\hdl\adc_slave_lite_v1_0_S00_AXI.v:]
WARNING: [filemgmt 56-199] Attempt to get parsing info during refresh. "On-the-fly" syntax checking information may be incorrect. [C:\Projects\ERN24004\IP\ip_repo\adc\adc_1_0\hdl\adc.v:]
WARNING: [filemgmt 56-199] Attempt to get parsing info during refresh. "On-the-fly" syntax checking information may be incorrect. [C:\Projects\ERN24004\IP\ip_repo\adc\adc_1_0\hdl\adc.v:]
WARNING: [filemgmt 56-199] Attempt to get parsing info during refresh. "On-the-fly" syntax checking information may be incorrect. [C:\Projects\ERN24004\IP\ip_repo\adc\adc_1_0\hdl\adc.v:]
WARNING: [filemgmt 56-199] Attempt to get parsing info during refresh. "On-the-fly" syntax checking information may be incorrect. [C:\Projects\ERN24004\IP\ip_repo\adc\adc_1_0\hdl\adc_master_lite_v1_0_M00_AXI.v:]
WARNING: [filemgmt 56-199] Attempt to get parsing info during refresh. "On-the-fly" syntax checking information may be incorrect. [C:\Projects\ERN24004\IP\ip_repo\adc\adc_1_0\hdl\adc_slave_lite_v1_0_S00_AXI.v:]
WARNING: [filemgmt 56-199] Attempt to get parsing info during refresh. "On-the-fly" syntax checking information may be incorrect. [C:\Projects\ERN24004\IP\ip_repo\adc\adc_1_0\hdl\adc.v:]
WARNING: [filemgmt 56-199] Attempt to get parsing info during refresh. "On-the-fly" syntax checking information may be incorrect. [C:\Projects\ERN24004\IP\ip_repo\adc\adc_1_0\hdl\adc_master_lite_v1_0_M00_AXI.v:]
WARNING: [filemgmt 56-199] Attempt to get parsing info during refresh. "On-the-fly" syntax checking information may be incorrect. [C:\Projects\ERN24004\IP\ip_repo\adc\adc_1_0\hdl\adc_master_lite_v1_0_M00_AXI.v:]
WARNING: [filemgmt 56-199] Attempt to get parsing info during refresh. "On-the-fly" syntax checking information may be incorrect. [C:\Projects\ERN24004\IP\ip_repo\adc\adc_1_0\hdl\adc_master_lite_v1_0_M00_AXI.v:]
WARNING: [filemgmt 56-199] Attempt to get parsing info during refresh. "On-the-fly" syntax checking information may be incorrect. [C:\Projects\ERN24004\IP\ip_repo\adc\adc_1_0\hdl\adc_slave_lite_v1_0_S00_AXI.v:]
WARNING: [filemgmt 56-199] Attempt to get parsing info during refresh. "On-the-fly" syntax checking information may be incorrect. [C:\Projects\ERN24004\IP\ip_repo\adc\adc_1_0\hdl\adc.v:]
WARNING: [filemgmt 56-199] Attempt to get parsing info during refresh. "On-the-fly" syntax checking information may be incorrect. [C:\Projects\ERN24004\IP\ip_repo\adc\adc_1_0\hdl\adc_master_lite_v1_0_M00_AXI.v:]
WARNING: [filemgmt 56-199] Attempt to get parsing info during refresh. "On-the-fly" syntax checking information may be incorrect. [C:\Projects\ERN24004\IP\ip_repo\adc\adc_1_0\hdl\adc_master_lite_v1_0_M00_AXI.v:]
WARNING: [filemgmt 56-199] Attempt to get parsing info during refresh. "On-the-fly" syntax checking information may be incorrect. [C:\Projects\ERN24004\IP\ip_repo\adc\adc_1_0\hdl\adc_master_lite_v1_0_M00_AXI.v:]
WARNING: [filemgmt 56-199] Attempt to get parsing info during refresh. "On-the-fly" syntax checking information may be incorrect. [C:\Projects\ERN24004\IP\ip_repo\adc\adc_1_0\hdl\adc_slave_lite_v1_0_S00_AXI.v:]
WARNING: [filemgmt 56-199] Attempt to get parsing info during refresh. "On-the-fly" syntax checking information may be incorrect. [C:\Projects\ERN24004\IP\ip_repo\adc\adc_1_0\hdl\adc.v:]
WARNING: [filemgmt 56-199] Attempt to get parsing info during refresh. "On-the-fly" syntax checking information may be incorrect. [C:\Projects\ERN24004\IP\ip_repo\adc\adc_1_0\hdl\adc.v:]
WARNING: [filemgmt 56-199] Attempt to get parsing info during refresh. "On-the-fly" syntax checking information may be incorrect. [C:\Projects\ERN24004\IP\ip_repo\adc\adc_1_0\hdl\adc.v:]
ERROR: [Common 17-180] Spawn failed: No error
WARNING: [filemgmt 56-199] Attempt to get parsing info during refresh. "On-the-fly" syntax checking information may be incorrect. [C:\Projects\ERN24004\IP\ip_repo\adc\adc_1_0\hdl\adc_master_lite_v1_0_M00_AXI.v:]
WARNING: [filemgmt 56-199] Attempt to get parsing info during refresh. "On-the-fly" syntax checking information may be incorrect. [C:\Projects\ERN24004\IP\ip_repo\adc\adc_1_0\hdl\adc_slave_lite_v1_0_S00_AXI.v:]
WARNING: [filemgmt 56-199] Attempt to get parsing info during refresh. "On-the-fly" syntax checking information may be incorrect. [C:\Projects\ERN24004\IP\ip_repo\adc\adc_1_0\hdl\adc.v:]
WARNING: [filemgmt 56-199] Attempt to get parsing info during refresh. "On-the-fly" syntax checking information may be incorrect. [C:\Projects\ERN24004\IP\ip_repo\adc\adc_1_0\hdl\adc_master_lite_v1_0_M00_AXI.v:]
WARNING: [filemgmt 56-199] Attempt to get parsing info during refresh. "On-the-fly" syntax checking information may be incorrect. [C:\Projects\ERN24004\IP\ip_repo\adc\adc_1_0\hdl\adc_master_lite_v1_0_M00_AXI.v:]
WARNING: [filemgmt 56-199] Attempt to get parsing info during refresh. "On-the-fly" syntax checking information may be incorrect. [C:\Projects\ERN24004\IP\ip_repo\adc\adc_1_0\hdl\adc_master_lite_v1_0_M00_AXI.v:]
WARNING: [filemgmt 56-199] Attempt to get parsing info during refresh. "On-the-fly" syntax checking information may be incorrect. [C:\Projects\ERN24004\IP\ip_repo\adc\adc_1_0\hdl\adc_slave_lite_v1_0_S00_AXI.v:]
WARNING: [filemgmt 56-199] Attempt to get parsing info during refresh. "On-the-fly" syntax checking information may be incorrect. [C:\Projects\ERN24004\IP\ip_repo\adc\adc_1_0\hdl\adc.v:]
WARNING: [filemgmt 56-199] Attempt to get parsing info during refresh. "On-the-fly" syntax checking information may be incorrect. [C:\Projects\ERN24004\IP\ip_repo\adc\adc_1_0\hdl\adc.v:]
WARNING: [filemgmt 56-199] Attempt to get parsing info during refresh. "On-the-fly" syntax checking information may be incorrect. [C:\Projects\ERN24004\IP\ip_repo\adc\adc_1_0\hdl\adc.v:]
update_compile_order -fileset sources_1
WARNING: [filemgmt 56-199] Attempt to get parsing info during refresh. "On-the-fly" syntax checking information may be incorrect. [C:\Projects\ERN24004\IP\ip_repo\adc\adc_1_0\hdl\adc_master_lite_v1_0_M00_AXI.v:]
WARNING: [filemgmt 56-199] Attempt to get parsing info during refresh. "On-the-fly" syntax checking information may be incorrect. [C:\Projects\ERN24004\IP\ip_repo\adc\adc_1_0\hdl\adc_slave_lite_v1_0_S00_AXI.v:]
WARNING: [filemgmt 56-199] Attempt to get parsing info during refresh. "On-the-fly" syntax checking information may be incorrect. [C:\Projects\ERN24004\IP\ip_repo\adc\adc_1_0\hdl\adc.v:]
WARNING: [filemgmt 56-199] Attempt to get parsing info during refresh. "On-the-fly" syntax checking information may be incorrect. [C:\Projects\ERN24004\IP\ip_repo\adc\adc_1_0\hdl\adc_slave_lite_v1_0_S00_AXI.v:]
WARNING: [filemgmt 56-199] Attempt to get parsing info during refresh. "On-the-fly" syntax checking information may be incorrect. [C:\Projects\ERN24004\IP\ip_repo\adc\adc_1_0\hdl\adc_slave_lite_v1_0_S00_AXI.v:]
ERROR: [Common 17-180] Spawn failed: No error
WARNING: [filemgmt 56-199] Attempt to get parsing info during refresh. "On-the-fly" syntax checking information may be incorrect. [C:\Projects\ERN24004\IP\ip_repo\adc\adc_1_0\hdl\adc_master_lite_v1_0_M00_AXI.v:]
WARNING: [filemgmt 56-199] Attempt to get parsing info during refresh. "On-the-fly" syntax checking information may be incorrect. [C:\Projects\ERN24004\IP\ip_repo\adc\adc_1_0\hdl\adc_slave_lite_v1_0_S00_AXI.v:]
WARNING: [filemgmt 56-199] Attempt to get parsing info during refresh. "On-the-fly" syntax checking information may be incorrect. [C:\Projects\ERN24004\IP\ip_repo\adc\adc_1_0\hdl\adc.v:]
WARNING: [filemgmt 56-199] Attempt to get parsing info during refresh. "On-the-fly" syntax checking information may be incorrect. [C:\Projects\ERN24004\IP\ip_repo\adc\adc_1_0\hdl\adc_master_lite_v1_0_M00_AXI.v:]
WARNING: [filemgmt 56-199] Attempt to get parsing info during refresh. "On-the-fly" syntax checking information may be incorrect. [C:\Projects\ERN24004\IP\ip_repo\adc\adc_1_0\hdl\adc_master_lite_v1_0_M00_AXI.v:]
WARNING: [filemgmt 56-199] Attempt to get parsing info during refresh. "On-the-fly" syntax checking information may be incorrect. [C:\Projects\ERN24004\IP\ip_repo\adc\adc_1_0\hdl\adc_master_lite_v1_0_M00_AXI.v:]
WARNING: [filemgmt 56-199] Attempt to get parsing info during refresh. "On-the-fly" syntax checking information may be incorrect. [C:\Projects\ERN24004\IP\ip_repo\adc\adc_1_0\hdl\adc_slave_lite_v1_0_S00_AXI.v:]
WARNING: [filemgmt 56-199] Attempt to get parsing info during refresh. "On-the-fly" syntax checking information may be incorrect. [C:\Projects\ERN24004\IP\ip_repo\adc\adc_1_0\hdl\adc.v:]
WARNING: [filemgmt 56-199] Attempt to get parsing info during refresh. "On-the-fly" syntax checking information may be incorrect. [C:\Projects\ERN24004\IP\ip_repo\adc\adc_1_0\hdl\adc.v:]
WARNING: [filemgmt 56-199] Attempt to get parsing info during refresh. "On-the-fly" syntax checking information may be incorrect. [C:\Projects\ERN24004\IP\ip_repo\adc\adc_1_0\hdl\adc.v:]
WARNING: [filemgmt 56-199] Attempt to get parsing info during refresh. "On-the-fly" syntax checking information may be incorrect. [C:\Projects\ERN24004\IP\ip_repo\adc\adc_1_0\hdl\adc_master_lite_v1_0_M00_AXI.v:]
WARNING: [filemgmt 56-199] Attempt to get parsing info during refresh. "On-the-fly" syntax checking information may be incorrect. [C:\Projects\ERN24004\IP\ip_repo\adc\adc_1_0\hdl\adc_slave_lite_v1_0_S00_AXI.v:]
WARNING: [filemgmt 56-199] Attempt to get parsing info during refresh. "On-the-fly" syntax checking information may be incorrect. [C:\Projects\ERN24004\IP\ip_repo\adc\adc_1_0\hdl\adc.v:]
WARNING: [filemgmt 56-199] Attempt to get parsing info during refresh. "On-the-fly" syntax checking information may be incorrect. [C:\Projects\ERN24004\IP\ip_repo\adc\adc_1_0\hdl\adc_master_lite_v1_0_M00_AXI.v:]
WARNING: [filemgmt 56-199] Attempt to get parsing info during refresh. "On-the-fly" syntax checking information may be incorrect. [C:\Projects\ERN24004\IP\ip_repo\adc\adc_1_0\hdl\adc_master_lite_v1_0_M00_AXI.v:]
WARNING: [filemgmt 56-199] Attempt to get parsing info during refresh. "On-the-fly" syntax checking information may be incorrect. [C:\Projects\ERN24004\IP\ip_repo\adc\adc_1_0\hdl\adc_master_lite_v1_0_M00_AXI.v:]
WARNING: [filemgmt 56-199] Attempt to get parsing info during refresh. "On-the-fly" syntax checking information may be incorrect. [C:\Projects\ERN24004\IP\ip_repo\adc\adc_1_0\hdl\adc_slave_lite_v1_0_S00_AXI.v:]
WARNING: [filemgmt 56-199] Attempt to get parsing info during refresh. "On-the-fly" syntax checking information may be incorrect. [C:\Projects\ERN24004\IP\ip_repo\adc\adc_1_0\hdl\adc.v:]
WARNING: [filemgmt 56-199] Attempt to get parsing info during refresh. "On-the-fly" syntax checking information may be incorrect. [C:\Projects\ERN24004\IP\ip_repo\adc\adc_1_0\hdl\adc.v:]
WARNING: [filemgmt 56-199] Attempt to get parsing info during refresh. "On-the-fly" syntax checking information may be incorrect. [C:\Projects\ERN24004\IP\ip_repo\adc\adc_1_0\hdl\adc.v:]
launch_runs synth_1 -jobs 4
WARNING: [Vivado 12-7122] Auto Incremental Compile:: No reference checkpoint was found in run synth_1. Auto-incremental flow will not be run, the standard flow will be run instead.
[Wed Oct 30 13:53:25 2024] Launched synth_1...
Run output will be captured here: C:/Projects/ERN24004/IP/ip_repo/adc/edit_adc_v1_0.runs/synth_1/runme.log
ipx::merge_project_changes files [ipx::current_core]
ipx::merge_project_changes hdl_parameters [ipx::current_core]
CRITICAL WARNING: [IP_Flow 19-4835] Multiple IP ports (s00_axi_rready s00_axi_rvalid s00_axi_rresp s00_axi_rdata s00_axi_arready s00_axi_arvalid s00_axi_arprot s00_axi_araddr s00_axi_bready s00_axi_bvalid s00_axi_bresp s00_axi_wready s00_axi_wvalid s00_axi_wstrb s00_axi_wdata s00_axi_awready s00_axi_awvalid s00_axi_awprot s00_axi_awaddr) were removed from the interface 'S00_AXI'. Please review the IP interface 'S00_AXI'.
CRITICAL WARNING: [IP_Flow 19-4835] Multiple IP ports (m00_axi_rready m00_axi_rvalid m00_axi_rresp m00_axi_rdata m00_axi_arready m00_axi_arvalid m00_axi_arprot m00_axi_araddr m00_axi_bready m00_axi_bvalid m00_axi_bresp m00_axi_wready m00_axi_wvalid m00_axi_wstrb m00_axi_wdata m00_axi_awready m00_axi_awvalid m00_axi_awprot m00_axi_awaddr) were removed from the interface 'M00_AXI'. Please review the IP interface 'M00_AXI'.
CRITICAL WARNING: [IP_Flow 19-4834] IP port (m00_axi_aresetn) was removed from the interface 'M00_AXI_RST'. Please review the IP interface 'M00_AXI_RST'.
CRITICAL WARNING: [IP_Flow 19-4834] IP port (m00_axi_aclk) was removed from the interface 'M00_AXI_CLK'. Please review the IP interface 'M00_AXI_CLK'.
CRITICAL WARNING: [IP_Flow 19-4834] IP port (s00_axi_aresetn) was removed from the interface 'S00_AXI_RST'. Please review the IP interface 'S00_AXI_RST'.
CRITICAL WARNING: [IP_Flow 19-4834] IP port (s00_axi_aclk) was removed from the interface 'S00_AXI_CLK'. Please review the IP interface 'S00_AXI_CLK'.
INFO: [IP_Flow 19-5107] Inferred bus interface 'S_AXI_ARESETN' of definition 'xilinx.com:signal:reset:1.0' (from Xilinx Repository).
INFO: [IP_Flow 19-5107] Inferred bus interface 'S_AXI_ACLK' of definition 'xilinx.com:signal:clock:1.0' (from Xilinx Repository).
INFO: [IP_Flow 19-4728] Bus Interface 'S_AXI_ARESETN': Added interface parameter 'POLARITY' with value 'ACTIVE_LOW'.
INFO: [IP_Flow 19-4728] Bus Interface 'S_AXI_ACLK': Added interface parameter 'ASSOCIATED_RESET' with value 'S_AXI_ARESETN'.
set_property is_include true [ipx::get_files hdl/adc_slave_lite_v1_0_S00_AXI.v -of_objects [ipx::get_file_groups xilinx_verilogsynthesis -of_objects [ipx::current_core]]]
set_property is_include true [ipx::get_files hdl/adc_master_lite_v1_0_M00_AXI.v -of_objects [ipx::get_file_groups xilinx_verilogsynthesis -of_objects [ipx::current_core]]]
set_property is_include true [ipx::get_files hdl/adc.v -of_objects [ipx::get_file_groups xilinx_verilogsynthesis -of_objects [ipx::current_core]]]
set_property is_include true [ipx::get_files hdl/adc_slave_lite_v1_0_S00_AXI.v -of_objects [ipx::get_file_groups xilinx_verilogbehavioralsimulation -of_objects [ipx::current_core]]]
set_property is_include true [ipx::get_files hdl/adc_master_lite_v1_0_M00_AXI.v -of_objects [ipx::get_file_groups xilinx_verilogbehavioralsimulation -of_objects [ipx::current_core]]]
set_property is_include true [ipx::get_files hdl/adc.v -of_objects [ipx::get_file_groups xilinx_verilogbehavioralsimulation -of_objects [ipx::current_core]]]
set_property is_include true [ipx::get_files drivers/adc_v1_0/data/adc.mdd -of_objects [ipx::get_file_groups xilinx_softwaredriver -of_objects [ipx::current_core]]]
set_property is_include true [ipx::get_files drivers/adc_v1_0/data/adc.tcl -of_objects [ipx::get_file_groups xilinx_softwaredriver -of_objects [ipx::current_core]]]
set_property is_include true [ipx::get_files drivers/adc_v1_0/src/Makefile -of_objects [ipx::get_file_groups xilinx_softwaredriver -of_objects [ipx::current_core]]]
set_property is_include true [ipx::get_files drivers/adc_v1_0/src/adc.h -of_objects [ipx::get_file_groups xilinx_softwaredriver -of_objects [ipx::current_core]]]
set_property is_include true [ipx::get_files drivers/adc_v1_0/src/adc.c -of_objects [ipx::get_file_groups xilinx_softwaredriver -of_objects [ipx::current_core]]]
set_property is_include true [ipx::get_files drivers/adc_v1_0/src/adc_selftest.c -of_objects [ipx::get_file_groups xilinx_softwaredriver -of_objects [ipx::current_core]]]
set_property is_include true [ipx::get_files xgui/adc_v1_0.tcl -of_objects [ipx::get_file_groups xilinx_xpgui -of_objects [ipx::current_core]]]
set_property is_include true [ipx::get_files bd/bd.tcl -of_objects [ipx::get_file_groups bd_tcl -of_objects [ipx::current_core]]]
set_property is_include false [ipx::get_files hdl/adc_slave_lite_v1_0_S00_AXI.v -of_objects [ipx::get_file_groups xilinx_verilogsynthesis -of_objects [ipx::current_core]]]
set_property is_include false [ipx::get_files hdl/adc_master_lite_v1_0_M00_AXI.v -of_objects [ipx::get_file_groups xilinx_verilogsynthesis -of_objects [ipx::current_core]]]
set_property is_include false [ipx::get_files hdl/adc.v -of_objects [ipx::get_file_groups xilinx_verilogsynthesis -of_objects [ipx::current_core]]]
set_property is_include false [ipx::get_files hdl/adc_slave_lite_v1_0_S00_AXI.v -of_objects [ipx::get_file_groups xilinx_verilogbehavioralsimulation -of_objects [ipx::current_core]]]
set_property is_include false [ipx::get_files hdl/adc_master_lite_v1_0_M00_AXI.v -of_objects [ipx::get_file_groups xilinx_verilogbehavioralsimulation -of_objects [ipx::current_core]]]
set_property is_include false [ipx::get_files hdl/adc.v -of_objects [ipx::get_file_groups xilinx_verilogbehavioralsimulation -of_objects [ipx::current_core]]]
set_property is_include false [ipx::get_files drivers/adc_v1_0/data/adc.mdd -of_objects [ipx::get_file_groups xilinx_softwaredriver -of_objects [ipx::current_core]]]
set_property is_include false [ipx::get_files drivers/adc_v1_0/data/adc.tcl -of_objects [ipx::get_file_groups xilinx_softwaredriver -of_objects [ipx::current_core]]]
set_property is_include false [ipx::get_files drivers/adc_v1_0/src/Makefile -of_objects [ipx::get_file_groups xilinx_softwaredriver -of_objects [ipx::current_core]]]
set_property is_include false [ipx::get_files drivers/adc_v1_0/src/adc.h -of_objects [ipx::get_file_groups xilinx_softwaredriver -of_objects [ipx::current_core]]]
set_property is_include false [ipx::get_files drivers/adc_v1_0/src/adc.c -of_objects [ipx::get_file_groups xilinx_softwaredriver -of_objects [ipx::current_core]]]
set_property is_include false [ipx::get_files drivers/adc_v1_0/src/adc_selftest.c -of_objects [ipx::get_file_groups xilinx_softwaredriver -of_objects [ipx::current_core]]]
set_property is_include false [ipx::get_files xgui/adc_v1_0.tcl -of_objects [ipx::get_file_groups xilinx_xpgui -of_objects [ipx::current_core]]]
set_property is_include false [ipx::get_files bd/bd.tcl -of_objects [ipx::get_file_groups bd_tcl -of_objects [ipx::current_core]]]
launch_runs impl_1 -jobs 4
[Wed Oct 30 13:54:19 2024] Launched impl_1...
Run output will be captured here: C:/Projects/ERN24004/IP/ip_repo/adc/edit_adc_v1_0.runs/impl_1/runme.log
WARNING: [filemgmt 56-199] Attempt to get parsing info during refresh. "On-the-fly" syntax checking information may be incorrect. [C:\Projects\ERN24004\IP\ip_repo\adc\adc_1_0\hdl\adc_master_lite_v1_0_M00_AXI.v:]
WARNING: [filemgmt 56-199] Attempt to get parsing info during refresh. "On-the-fly" syntax checking information may be incorrect. [C:\Projects\ERN24004\IP\ip_repo\adc\adc_1_0\hdl\adc_slave_lite_v1_0_S00_AXI.v:]
WARNING: [filemgmt 56-199] Attempt to get parsing info during refresh. "On-the-fly" syntax checking information may be incorrect. [C:\Projects\ERN24004\IP\ip_repo\adc\adc_1_0\hdl\adc.v:]
WARNING: [filemgmt 56-199] Attempt to get parsing info during refresh. "On-the-fly" syntax checking information may be incorrect. [C:\Projects\ERN24004\IP\ip_repo\adc\adc_1_0\hdl\adc_master_lite_v1_0_M00_AXI.v:]
WARNING: [filemgmt 56-199] Attempt to get parsing info during refresh. "On-the-fly" syntax checking information may be incorrect. [C:\Projects\ERN24004\IP\ip_repo\adc\adc_1_0\hdl\adc_master_lite_v1_0_M00_AXI.v:]
WARNING: [filemgmt 56-199] Attempt to get parsing info during refresh. "On-the-fly" syntax checking information may be incorrect. [C:\Projects\ERN24004\IP\ip_repo\adc\adc_1_0\hdl\adc_master_lite_v1_0_M00_AXI.v:]
WARNING: [filemgmt 56-199] Attempt to get parsing info during refresh. "On-the-fly" syntax checking information may be incorrect. [C:\Projects\ERN24004\IP\ip_repo\adc\adc_1_0\hdl\adc_slave_lite_v1_0_S00_AXI.v:]
WARNING: [filemgmt 56-199] Attempt to get parsing info during refresh. "On-the-fly" syntax checking information may be incorrect. [C:\Projects\ERN24004\IP\ip_repo\adc\adc_1_0\hdl\adc.v:]
WARNING: [filemgmt 56-199] Attempt to get parsing info during refresh. "On-the-fly" syntax checking information may be incorrect. [C:\Projects\ERN24004\IP\ip_repo\adc\adc_1_0\hdl\adc.v:]
WARNING: [filemgmt 56-199] Attempt to get parsing info during refresh. "On-the-fly" syntax checking information may be incorrect. [C:\Projects\ERN24004\IP\ip_repo\adc\adc_1_0\hdl\adc.v:]
ERROR: [Common 17-180] Spawn failed: No error
set_property core_revision 2 [ipx::current_core]
ipx::create_xgui_files [ipx::current_core]
ipx::update_checksums [ipx::current_core]
ipx::check_integrity [ipx::current_core]
WARNING: [IP_Flow 19-5661] Bus Interface 'S_AXI_ACLK' does not have any bus interfaces associated with it.
WARNING: [IP_Flow 19-11770] Clock interface 'S_AXI_ACLK' has no FREQ_HZ parameter.
WARNING: [IP_Flow 19-1980] The memory map 'S00_AXI' is not referenced by any bus interface.
WARNING: [IP_Flow 19-4645] The address space 'M00_AXI' is not referenced by any bus interface.
INFO: [IP_Flow 19-2181] Payment is not required for this core.
WARNING: [IP_Flow 19-2187] The Product Guide file is missing.
INFO: [Ipptcl 7-1486] check_integrity: Integrity check passed.
ipx::save_core [ipx::current_core]
update_ip_catalog -rebuild -repo_path c:/Projects/ERN24004/IP/ip_repo/adc/adc_1_0
INFO: [IP_Flow 19-725] Reloaded user IP repository 'c:/Projects/ERN24004/IP/ip_repo/adc/adc_1_0'
WARNING: [filemgmt 56-199] Attempt to get parsing info during refresh. "On-the-fly" syntax checking information may be incorrect. [C:\Projects\ERN24004\IP\ip_repo\adc\adc_1_0\hdl\adc_master_lite_v1_0_M00_AXI.v:]
WARNING: [filemgmt 56-199] Attempt to get parsing info during refresh. "On-the-fly" syntax checking information may be incorrect. [C:\Projects\ERN24004\IP\ip_repo\adc\adc_1_0\hdl\adc_slave_lite_v1_0_S00_AXI.v:]
WARNING: [filemgmt 56-199] Attempt to get parsing info during refresh. "On-the-fly" syntax checking information may be incorrect. [C:\Projects\ERN24004\IP\ip_repo\adc\adc_1_0\hdl\adc.v:]
WARNING: [filemgmt 56-199] Attempt to get parsing info during refresh. "On-the-fly" syntax checking information may be incorrect. [C:\Projects\ERN24004\IP\ip_repo\adc\adc_1_0\hdl\adc_master_lite_v1_0_M00_AXI.v:]
WARNING: [filemgmt 56-199] Attempt to get parsing info during refresh. "On-the-fly" syntax checking information may be incorrect. [C:\Projects\ERN24004\IP\ip_repo\adc\adc_1_0\hdl\adc_master_lite_v1_0_M00_AXI.v:]
WARNING: [filemgmt 56-199] Attempt to get parsing info during refresh. "On-the-fly" syntax checking information may be incorrect. [C:\Projects\ERN24004\IP\ip_repo\adc\adc_1_0\hdl\adc_master_lite_v1_0_M00_AXI.v:]
WARNING: [filemgmt 56-199] Attempt to get parsing info during refresh. "On-the-fly" syntax checking information may be incorrect. [C:\Projects\ERN24004\IP\ip_repo\adc\adc_1_0\hdl\adc_slave_lite_v1_0_S00_AXI.v:]
WARNING: [filemgmt 56-199] Attempt to get parsing info during refresh. "On-the-fly" syntax checking information may be incorrect. [C:\Projects\ERN24004\IP\ip_repo\adc\adc_1_0\hdl\adc.v:]
WARNING: [filemgmt 56-199] Attempt to get parsing info during refresh. "On-the-fly" syntax checking information may be incorrect. [C:\Projects\ERN24004\IP\ip_repo\adc\adc_1_0\hdl\adc.v:]
WARNING: [filemgmt 56-199] Attempt to get parsing info during refresh. "On-the-fly" syntax checking information may be incorrect. [C:\Projects\ERN24004\IP\ip_repo\adc\adc_1_0\hdl\adc.v:]
exit
INFO: [Common 17-206] Exiting Vivado at Wed Oct 30 13:57:28 2024...
