#-----------------------------------------------------------
# Vivado v2024.1.2 (64-bit)
# SW Build 5164865 on Thu Sep  5 14:37:11 MDT 2024
# IP Build 5164407 on Fri Sep  6 08:18:11 MDT 2024
# SharedData Build 5164864 on Thu Sep 05 13:09:09 MDT 2024
# Start of session at: Wed Oct 30 15:26:57 2024
# Process ID: 24796
# Current directory: C:/Projects/ERN24004/IP/ip_repo/ad1
# Command line: vivado.exe -gui_launcher_event rodinguilauncherevent24040 C:\Projects\ERN24004\IP\ip_repo\ad1\edit_ad1_v1_0.xpr
# Log file: C:/Projects/ERN24004/IP/ip_repo/ad1/vivado.log
# Journal file: C:/Projects/ERN24004/IP/ip_repo/ad1\vivado.jou
# Running On        :DonGun
# Platform          :Windows Server 2016 or Windows 10
# Operating System  :22631
# Processor Detail  :13th Gen Intel(R) Core(TM) i7-13700K
# CPU Frequency     :3418 MHz
# CPU Physical cores:16
# CPU Logical cores :24
# Host memory       :34124 MB
# Swap memory       :2147 MB
# Total Virtual     :36272 MB
# Available Virtual :19032 MB
#-----------------------------------------------------------
start_gui
open_project C:/Projects/ERN24004/IP/ip_repo/ad1/edit_ad1_v1_0.xpr
WARNING: [Board 49-26] cannot add Board Part xilinx.com:vek280_es:part0:1.0 available at C:/Xilinx/Vivado/2024.1/data/xhub/boards/XilinxBoardStore/boards/Xilinx/vek280/es/rev_a/1.0/board.xml as part xcve2802-vsvh1760-2lp-e-s-es1 specified in board_part file is either invalid or not available
WARNING: [Board 49-26] cannot add Board Part xilinx.com:vek280_es:part0:1.1 available at C:/Xilinx/Vivado/2024.1/data/xhub/boards/XilinxBoardStore/boards/Xilinx/vek280/es/rev_a/1.1/board.xml as part xcve2802-vsvh1760-2lp-e-s-es1 specified in board_part file is either invalid or not available
WARNING: [Board 49-26] cannot add Board Part xilinx.com:vek280_es_revb:part0:1.0 available at C:/Xilinx/Vivado/2024.1/data/xhub/boards/XilinxBoardStore/boards/Xilinx/vek280/es/rev_b/1.0/board.xml as part xcve2802-vsvh1760-2mp-e-s-es1 specified in board_part file is either invalid or not available
WARNING: [Board 49-26] cannot add Board Part xilinx.com:vek280_es_revb:part0:1.1 available at C:/Xilinx/Vivado/2024.1/data/xhub/boards/XilinxBoardStore/boards/Xilinx/vek280/es/rev_b/1.1/board.xml as part xcve2802-vsvh1760-2mp-e-s-es1 specified in board_part file is either invalid or not available
WARNING: [Board 49-26] cannot add Board Part xilinx.com:vhk158_es:part0:1.0 available at C:/Xilinx/Vivado/2024.1/data/xhub/boards/XilinxBoardStore/boards/Xilinx/vhk158/es/1.0/board.xml as part xcvh1582-vsva3697-2mp-e-s-es1 specified in board_part file is either invalid or not available
WARNING: [Board 49-26] cannot add Board Part xilinx.com:vhk158_es:part0:1.1 available at C:/Xilinx/Vivado/2024.1/data/xhub/boards/XilinxBoardStore/boards/Xilinx/vhk158/es/1.1/board.xml as part xcvh1582-vsva3697-2mp-e-s-es1 specified in board_part file is either invalid or not available
WARNING: [Board 49-26] cannot add Board Part xilinx.com:zcu208ld:part0:2.0 available at C:/Xilinx/Vivado/2024.1/data/xhub/boards/XilinxBoardStore/boards/Xilinx/zcu208ld/production/2.0/board.xml as part xczu58dr-fsvg1517-2-i specified in board_part file is either invalid or not available
WARNING: [Board 49-26] cannot add Board Part xilinx.com:zcu216ld:part0:2.0 available at C:/Xilinx/Vivado/2024.1/data/xhub/boards/XilinxBoardStore/boards/Xilinx/zcu216ld/production/2.0/board.xml as part xczu59dr-ffvf1760-2-i specified in board_part file is either invalid or not available
WARNING: [Board 49-26] cannot add Board Part xilinx.com:zcu670ld:part0:1.0 available at C:/Xilinx/Vivado/2024.1/data/xhub/boards/XilinxBoardStore/boards/Xilinx/zcu670ld/1.0/board.xml as part xczu57dr-fsve1156-2-i specified in board_part file is either invalid or not available
INFO: [filemgmt 56-3] Default IP Output Path : Could not find the directory 'C:/Projects/ERN24004/IP/ip_repo/ad1/edit_ad1_v1_0.gen/sources_1'.
Scanning sources...
Finished scanning sources
INFO: [IP_Flow 19-234] Refreshing IP repositories
INFO: [IP_Flow 19-1700] Loaded user IP repository 'c:/Projects/ERN24004/IP/ip_repo/ad1/ad1_1_0'.
INFO: [IP_Flow 19-1700] Loaded user IP repository 'c:/Projects/ERN24004/digilent/vivado-library-master'.
INFO: [IP_Flow 19-2313] Loaded Vivado IP repository 'C:/Xilinx/Vivado/2024.1/data/ip'.
open_project: Time (s): cpu = 00:00:04 ; elapsed = 00:00:10 . Memory (MB): peak = 1760.020 ; gain = 496.105
update_compile_order -fileset sources_1
file mkdir C:/Projects/ERN24004/IP/ip_repo/ad1/edit_ad1_v1_0.srcs/sources_1/new
close [ open C:/Projects/ERN24004/IP/ip_repo/ad1/edit_ad1_v1_0.srcs/sources_1/new/ad1_spi.v w ]
add_files C:/Projects/ERN24004/IP/ip_repo/ad1/edit_ad1_v1_0.srcs/sources_1/new/ad1_spi.v
update_compile_order -fileset sources_1
WARNING: [filemgmt 56-199] Attempt to get parsing info during refresh. "On-the-fly" syntax checking information may be incorrect. [C:\Projects\ERN24004\IP\ip_repo\ad1\ad1_1_0\hdl\ad1.v:]
WARNING: [filemgmt 56-199] Attempt to get parsing info during refresh. "On-the-fly" syntax checking information may be incorrect. [C:\Projects\ERN24004\IP\ip_repo\ad1\edit_ad1_v1_0.srcs\sources_1\new\ad1_spi.v:]
WARNING: [filemgmt 56-199] Attempt to get parsing info during refresh. "On-the-fly" syntax checking information may be incorrect. [C:\Projects\ERN24004\IP\ip_repo\ad1\edit_ad1_v1_0.srcs\sources_1\new\ad1_spi.v:]
WARNING: [filemgmt 56-199] Attempt to get parsing info during refresh. "On-the-fly" syntax checking information may be incorrect. [C:\Projects\ERN24004\IP\ip_repo\ad1\edit_ad1_v1_0.srcs\sources_1\new\ad1_spi.v:]
ERROR: [Common 17-180] Spawn failed: No error
WARNING: [filemgmt 56-199] Attempt to get parsing info during refresh. "On-the-fly" syntax checking information may be incorrect. [C:\Projects\ERN24004\IP\ip_repo\ad1\ad1_1_0\hdl\ad1.v:]
WARNING: [filemgmt 56-199] Attempt to get parsing info during refresh. "On-the-fly" syntax checking information may be incorrect. [C:\Projects\ERN24004\IP\ip_repo\ad1\ad1_1_0\hdl\ad1_slave_lite_v1_0_S00_AXI.v:]
WARNING: [filemgmt 56-199] Attempt to get parsing info during refresh. "On-the-fly" syntax checking information may be incorrect. [C:\Projects\ERN24004\IP\ip_repo\ad1\edit_ad1_v1_0.srcs\sources_1\new\ad1_spi.v:]
WARNING: [filemgmt 56-199] Attempt to get parsing info during refresh. "On-the-fly" syntax checking information may be incorrect. [C:\Projects\ERN24004\IP\ip_repo\ad1\edit_ad1_v1_0.srcs\sources_1\new\ad1_spi.v:]
WARNING: [filemgmt 56-199] Attempt to get parsing info during refresh. "On-the-fly" syntax checking information may be incorrect. [C:\Projects\ERN24004\IP\ip_repo\ad1\edit_ad1_v1_0.srcs\sources_1\new\ad1_spi.v:]
WARNING: [filemgmt 56-199] Attempt to get parsing info during refresh. "On-the-fly" syntax checking information may be incorrect. [C:\Projects\ERN24004\IP\ip_repo\ad1\ad1_1_0\hdl\ad1.v:]
WARNING: [filemgmt 56-199] Attempt to get parsing info during refresh. "On-the-fly" syntax checking information may be incorrect. [C:\Projects\ERN24004\IP\ip_repo\ad1\ad1_1_0\hdl\ad1_slave_lite_v1_0_S00_AXI.v:]
WARNING: [filemgmt 56-199] Attempt to get parsing info during refresh. "On-the-fly" syntax checking information may be incorrect. [C:\Projects\ERN24004\IP\ip_repo\ad1\edit_ad1_v1_0.srcs\sources_1\new\ad1_spi.v:]
WARNING: [filemgmt 56-199] Attempt to get parsing info during refresh. "On-the-fly" syntax checking information may be incorrect. [C:\Projects\ERN24004\IP\ip_repo\ad1\ad1_1_0\hdl\ad1.v:]
WARNING: [filemgmt 56-199] Attempt to get parsing info during refresh. "On-the-fly" syntax checking information may be incorrect. [C:\Projects\ERN24004\IP\ip_repo\ad1\ad1_1_0\hdl\ad1.v:]
WARNING: [filemgmt 56-199] Attempt to get parsing info during refresh. "On-the-fly" syntax checking information may be incorrect. [C:\Projects\ERN24004\IP\ip_repo\ad1\ad1_1_0\hdl\ad1.v:]
WARNING: [filemgmt 56-199] Attempt to get parsing info during refresh. "On-the-fly" syntax checking information may be incorrect. [C:\Projects\ERN24004\IP\ip_repo\ad1\ad1_1_0\hdl\ad1_slave_lite_v1_0_S00_AXI.v:]
WARNING: [filemgmt 56-199] Attempt to get parsing info during refresh. "On-the-fly" syntax checking information may be incorrect. [C:\Projects\ERN24004\IP\ip_repo\ad1\edit_ad1_v1_0.srcs\sources_1\new\ad1_spi.v:]
WARNING: [filemgmt 56-199] Attempt to get parsing info during refresh. "On-the-fly" syntax checking information may be incorrect. [C:\Projects\ERN24004\IP\ip_repo\ad1\ad1_1_0\hdl\ad1_slave_lite_v1_0_S00_AXI.v:]
WARNING: [filemgmt 56-199] Attempt to get parsing info during refresh. "On-the-fly" syntax checking information may be incorrect. [C:\Projects\ERN24004\IP\ip_repo\ad1\ad1_1_0\hdl\ad1_slave_lite_v1_0_S00_AXI.v:]
WARNING: [filemgmt 56-199] Attempt to get parsing info during refresh. "On-the-fly" syntax checking information may be incorrect. [C:\Projects\ERN24004\IP\ip_repo\ad1\ad1_1_0\hdl\ad1.v:]
WARNING: [filemgmt 56-199] Attempt to get parsing info during refresh. "On-the-fly" syntax checking information may be incorrect. [C:\Projects\ERN24004\IP\ip_repo\ad1\ad1_1_0\hdl\ad1_slave_lite_v1_0_S00_AXI.v:]
WARNING: [filemgmt 56-199] Attempt to get parsing info during refresh. "On-the-fly" syntax checking information may be incorrect. [C:\Projects\ERN24004\IP\ip_repo\ad1\edit_ad1_v1_0.srcs\sources_1\new\ad1_spi.v:]
WARNING: [filemgmt 56-199] Attempt to get parsing info during refresh. "On-the-fly" syntax checking information may be incorrect. [C:\Projects\ERN24004\IP\ip_repo\ad1\edit_ad1_v1_0.srcs\sources_1\new\ad1_spi.v:]
WARNING: [filemgmt 56-199] Attempt to get parsing info during refresh. "On-the-fly" syntax checking information may be incorrect. [C:\Projects\ERN24004\IP\ip_repo\ad1\edit_ad1_v1_0.srcs\sources_1\new\ad1_spi.v:]
WARNING: [filemgmt 56-199] Attempt to get parsing info during refresh. "On-the-fly" syntax checking information may be incorrect. [C:\Projects\ERN24004\IP\ip_repo\ad1\ad1_1_0\hdl\ad1.v:]
WARNING: [filemgmt 56-199] Attempt to get parsing info during refresh. "On-the-fly" syntax checking information may be incorrect. [C:\Projects\ERN24004\IP\ip_repo\ad1\ad1_1_0\hdl\ad1_slave_lite_v1_0_S00_AXI.v:]
WARNING: [filemgmt 56-199] Attempt to get parsing info during refresh. "On-the-fly" syntax checking information may be incorrect. [C:\Projects\ERN24004\IP\ip_repo\ad1\edit_ad1_v1_0.srcs\sources_1\new\ad1_spi.v:]
WARNING: [filemgmt 56-199] Attempt to get parsing info during refresh. "On-the-fly" syntax checking information may be incorrect. [C:\Projects\ERN24004\IP\ip_repo\ad1\ad1_1_0\hdl\ad1.v:]
WARNING: [filemgmt 56-199] Attempt to get parsing info during refresh. "On-the-fly" syntax checking information may be incorrect. [C:\Projects\ERN24004\IP\ip_repo\ad1\ad1_1_0\hdl\ad1.v:]
WARNING: [filemgmt 56-199] Attempt to get parsing info during refresh. "On-the-fly" syntax checking information may be incorrect. [C:\Projects\ERN24004\IP\ip_repo\ad1\ad1_1_0\hdl\ad1.v:]
WARNING: [filemgmt 56-199] Attempt to get parsing info during refresh. "On-the-fly" syntax checking information may be incorrect. [C:\Projects\ERN24004\IP\ip_repo\ad1\ad1_1_0\hdl\ad1_slave_lite_v1_0_S00_AXI.v:]
WARNING: [filemgmt 56-199] Attempt to get parsing info during refresh. "On-the-fly" syntax checking information may be incorrect. [C:\Projects\ERN24004\IP\ip_repo\ad1\edit_ad1_v1_0.srcs\sources_1\new\ad1_spi.v:]
WARNING: [filemgmt 56-199] Attempt to get parsing info during refresh. "On-the-fly" syntax checking information may be incorrect. [C:\Projects\ERN24004\IP\ip_repo\ad1\edit_ad1_v1_0.srcs\sources_1\new\ad1_spi.v:]
WARNING: [filemgmt 56-199] Attempt to get parsing info during refresh. "On-the-fly" syntax checking information may be incorrect. [C:\Projects\ERN24004\IP\ip_repo\ad1\edit_ad1_v1_0.srcs\sources_1\new\ad1_spi.v:]
WARNING: [filemgmt 56-199] Attempt to get parsing info during refresh. "On-the-fly" syntax checking information may be incorrect. [C:\Projects\ERN24004\IP\ip_repo\ad1\ad1_1_0\hdl\ad1.v:]
WARNING: [filemgmt 56-199] Attempt to get parsing info during refresh. "On-the-fly" syntax checking information may be incorrect. [C:\Projects\ERN24004\IP\ip_repo\ad1\ad1_1_0\hdl\ad1_slave_lite_v1_0_S00_AXI.v:]
WARNING: [filemgmt 56-199] Attempt to get parsing info during refresh. "On-the-fly" syntax checking information may be incorrect. [C:\Projects\ERN24004\IP\ip_repo\ad1\edit_ad1_v1_0.srcs\sources_1\new\ad1_spi.v:]
WARNING: [filemgmt 56-199] Attempt to get parsing info during refresh. "On-the-fly" syntax checking information may be incorrect. [C:\Projects\ERN24004\IP\ip_repo\ad1\ad1_1_0\hdl\ad1.v:]
WARNING: [filemgmt 56-199] Attempt to get parsing info during refresh. "On-the-fly" syntax checking information may be incorrect. [C:\Projects\ERN24004\IP\ip_repo\ad1\ad1_1_0\hdl\ad1.v:]
update_compile_order -fileset sources_1
WARNING: [filemgmt 56-199] Attempt to get parsing info during refresh. "On-the-fly" syntax checking information may be incorrect. [C:\Projects\ERN24004\IP\ip_repo\ad1\ad1_1_0\hdl\ad1.v:]
WARNING: [filemgmt 56-199] Attempt to get parsing info during refresh. "On-the-fly" syntax checking information may be incorrect. [C:\Projects\ERN24004\IP\ip_repo\ad1\ad1_1_0\hdl\ad1_slave_lite_v1_0_S00_AXI.v:]
WARNING: [filemgmt 56-199] Attempt to get parsing info during refresh. "On-the-fly" syntax checking information may be incorrect. [C:\Projects\ERN24004\IP\ip_repo\ad1\edit_ad1_v1_0.srcs\sources_1\new\ad1_spi.v:]
WARNING: [filemgmt 56-199] Attempt to get parsing info during refresh. "On-the-fly" syntax checking information may be incorrect. [C:\Projects\ERN24004\IP\ip_repo\ad1\edit_ad1_v1_0.srcs\sources_1\new\ad1_spi.v:]
WARNING: [filemgmt 56-199] Attempt to get parsing info during refresh. "On-the-fly" syntax checking information may be incorrect. [C:\Projects\ERN24004\IP\ip_repo\ad1\edit_ad1_v1_0.srcs\sources_1\new\ad1_spi.v:]
WARNING: [filemgmt 56-199] Attempt to get parsing info during refresh. "On-the-fly" syntax checking information may be incorrect. [C:\Projects\ERN24004\IP\ip_repo\ad1\ad1_1_0\hdl\ad1.v:]
WARNING: [filemgmt 56-199] Attempt to get parsing info during refresh. "On-the-fly" syntax checking information may be incorrect. [C:\Projects\ERN24004\IP\ip_repo\ad1\ad1_1_0\hdl\ad1_slave_lite_v1_0_S00_AXI.v:]
WARNING: [filemgmt 56-199] Attempt to get parsing info during refresh. "On-the-fly" syntax checking information may be incorrect. [C:\Projects\ERN24004\IP\ip_repo\ad1\edit_ad1_v1_0.srcs\sources_1\new\ad1_spi.v:]
WARNING: [filemgmt 56-199] Attempt to get parsing info during refresh. "On-the-fly" syntax checking information may be incorrect. [C:\Projects\ERN24004\IP\ip_repo\ad1\ad1_1_0\hdl\ad1.v:]
WARNING: [filemgmt 56-199] Attempt to get parsing info during refresh. "On-the-fly" syntax checking information may be incorrect. [C:\Projects\ERN24004\IP\ip_repo\ad1\ad1_1_0\hdl\ad1.v:]
WARNING: [filemgmt 56-199] Attempt to get parsing info during refresh. "On-the-fly" syntax checking information may be incorrect. [C:\Projects\ERN24004\IP\ip_repo\ad1\ad1_1_0\hdl\ad1.v:]
WARNING: [filemgmt 56-199] Attempt to get parsing info during refresh. "On-the-fly" syntax checking information may be incorrect. [C:\Projects\ERN24004\IP\ip_repo\ad1\ad1_1_0\hdl\ad1_slave_lite_v1_0_S00_AXI.v:]
WARNING: [filemgmt 56-199] Attempt to get parsing info during refresh. "On-the-fly" syntax checking information may be incorrect. [C:\Projects\ERN24004\IP\ip_repo\ad1\edit_ad1_v1_0.srcs\sources_1\new\ad1_spi.v:]
WARNING: [filemgmt 56-199] Attempt to get parsing info during refresh. "On-the-fly" syntax checking information may be incorrect. [C:\Projects\ERN24004\IP\ip_repo\ad1\edit_ad1_v1_0.srcs\sources_1\new\ad1_spi.v:]
WARNING: [filemgmt 56-199] Attempt to get parsing info during refresh. "On-the-fly" syntax checking information may be incorrect. [C:\Projects\ERN24004\IP\ip_repo\ad1\edit_ad1_v1_0.srcs\sources_1\new\ad1_spi.v:]
launch_runs synth_1 -jobs 4
WARNING: [Vivado 12-7122] Auto Incremental Compile:: No reference checkpoint was found in run synth_1. Auto-incremental flow will not be run, the standard flow will be run instead.
[Wed Oct 30 16:06:23 2024] Launched synth_1...
Run output will be captured here: C:/Projects/ERN24004/IP/ip_repo/ad1/edit_ad1_v1_0.runs/synth_1/runme.log
ipx::open_ipxact_file {C:\Projects\ERN24004\IP\ip_repo\ad1\ad1_1_0\component.xml}
WARNING: [IP_Flow 19-4308] Project file 'c:/Projects/ERN24004/IP/ip_repo/ad1/edit_ad1_v1_0.srcs/sources_1/new/ad1_spi.v' is not found in the component files. It will be added automatically when merging sources and repackaging. Please remove the file from the source project if this is not desired.
WARNING: [IP_Flow 19-4308] Project file 'c:/Projects/ERN24004/IP/ip_repo/ad1/edit_ad1_v1_0.srcs/sources_1/new/ad1_spi.v' is not found in the component files. It will be added automatically when merging sources and repackaging. Please remove the file from the source project if this is not desired.
ipx::merge_project_changes hdl_parameters [ipx::current_core]
INFO: [IP_Flow 19-3166] Bus Interface 'S00_AXI': References existing memory map 'S00_AXI'.
ipx::infer_bus_interface {Pmod_out_pin10_i Pmod_out_pin10_o Pmod_out_pin10_t Pmod_out_pin1_i Pmod_out_pin1_o Pmod_out_pin1_t Pmod_out_pin2_i Pmod_out_pin2_o Pmod_out_pin2_t Pmod_out_pin3_i Pmod_out_pin3_o Pmod_out_pin3_t Pmod_out_pin4_i Pmod_out_pin4_o Pmod_out_pin4_t Pmod_out_pin7_i Pmod_out_pin7_o Pmod_out_pin7_t Pmod_out_pin8_i Pmod_out_pin8_o Pmod_out_pin8_t Pmod_out_pin9_i Pmod_out_pin9_o Pmod_out_pin9_t} digilentinc.com:interface:pmod_rtl:1.0 [ipx::current_core]
INFO: [IP_Flow 19-5107] Inferred bus interface 'Pmod_out' of definition 'digilentinc.com:interface:pmod:1.0' (from TCL Argument).
set_property core_revision 2 [ipx::current_core]
ipx::create_xgui_files [ipx::current_core]
ipx::update_checksums [ipx::current_core]
ipx::check_integrity [ipx::current_core]
WARNING: [IP_Flow 19-11888] Component Definition 'spicer.local:user:ad1:1.0 (ad1_v1.0)': IP description "read adc" is not meaningful: too short
WARNING: [IP_Flow 19-11889] HDL Parameter 'C_S00_AXI_DATA_WIDTH (C S00 AXI DATA WIDTH)': Order is obsolete with XGUI version >= 2.0
WARNING: [IP_Flow 19-11889] HDL Parameter 'C_S00_AXI_ADDR_WIDTH (C S00 AXI ADDR WIDTH)': Order is obsolete with XGUI version >= 2.0
WARNING: [IP_Flow 19-5905] All packaged files should be located below the IP definition file (xml)
WARNING: [IP_Flow 19-5905] All packaged files should be located below the IP definition file (xml)
WARNING: [IP_Flow 19-11770] Clock interface 'S00_AXI_CLK' has no FREQ_HZ parameter.
WARNING: [IP_Flow 19-11886] Bus Interface 'Pmod_out' is not associated with any clock interface
INFO: [IP_Flow 19-2181] Payment is not required for this core.
WARNING: [IP_Flow 19-2187] The Product Guide file is missing.
INFO: [Ipptcl 7-1486] check_integrity: Integrity check passed.
ipx::save_core [ipx::current_core]
update_ip_catalog -rebuild -repo_path c:/Projects/ERN24004/IP/ip_repo/ad1/ad1_1_0
INFO: [IP_Flow 19-725] Reloaded user IP repository 'c:/Projects/ERN24004/IP/ip_repo/ad1/ad1_1_0'
WARNING: [filemgmt 56-199] Attempt to get parsing info during refresh. "On-the-fly" syntax checking information may be incorrect. [C:\Projects\ERN24004\IP\ip_repo\ad1\ad1_1_0\hdl\ad1.v:]
WARNING: [filemgmt 56-199] Attempt to get parsing info during refresh. "On-the-fly" syntax checking information may be incorrect. [C:\Projects\ERN24004\IP\ip_repo\ad1\ad1_1_0\hdl\ad1_slave_lite_v1_0_S00_AXI.v:]
WARNING: [filemgmt 56-199] Attempt to get parsing info during refresh. "On-the-fly" syntax checking information may be incorrect. [C:\Projects\ERN24004\IP\ip_repo\ad1\edit_ad1_v1_0.srcs\sources_1\new\ad1_spi.v:]
WARNING: [filemgmt 56-199] Attempt to get parsing info during refresh. "On-the-fly" syntax checking information may be incorrect. [C:\Projects\ERN24004\IP\ip_repo\ad1\edit_ad1_v1_0.srcs\sources_1\new\ad1_spi.v:]
WARNING: [filemgmt 56-199] Attempt to get parsing info during refresh. "On-the-fly" syntax checking information may be incorrect. [C:\Projects\ERN24004\IP\ip_repo\ad1\edit_ad1_v1_0.srcs\sources_1\new\ad1_spi.v:]
WARNING: [filemgmt 56-199] Attempt to get parsing info during refresh. "On-the-fly" syntax checking information may be incorrect. [C:\Projects\ERN24004\IP\ip_repo\ad1\ad1_1_0\hdl\ad1.v:]
WARNING: [filemgmt 56-199] Attempt to get parsing info during refresh. "On-the-fly" syntax checking information may be incorrect. [C:\Projects\ERN24004\IP\ip_repo\ad1\ad1_1_0\hdl\ad1_slave_lite_v1_0_S00_AXI.v:]
WARNING: [filemgmt 56-199] Attempt to get parsing info during refresh. "On-the-fly" syntax checking information may be incorrect. [C:\Projects\ERN24004\IP\ip_repo\ad1\edit_ad1_v1_0.srcs\sources_1\new\ad1_spi.v:]
WARNING: [filemgmt 56-199] Attempt to get parsing info during refresh. "On-the-fly" syntax checking information may be incorrect. [C:\Projects\ERN24004\IP\ip_repo\ad1\ad1_1_0\hdl\ad1.v:]
WARNING: [filemgmt 56-199] Attempt to get parsing info during refresh. "On-the-fly" syntax checking information may be incorrect. [C:\Projects\ERN24004\IP\ip_repo\ad1\ad1_1_0\hdl\ad1.v:]
ipx::unload_core c:/Projects/ERN24004/IP/ip_repo/ad1/ad1_1_0/component.xml
WARNING: [filemgmt 56-199] Attempt to get parsing info during refresh. "On-the-fly" syntax checking information may be incorrect. [C:\Projects\ERN24004\IP\ip_repo\ad1\ad1_1_0\hdl\ad1.v:]
WARNING: [filemgmt 56-199] Attempt to get parsing info during refresh. "On-the-fly" syntax checking information may be incorrect. [C:\Projects\ERN24004\IP\ip_repo\ad1\ad1_1_0\hdl\ad1_slave_lite_v1_0_S00_AXI.v:]
WARNING: [filemgmt 56-199] Attempt to get parsing info during refresh. "On-the-fly" syntax checking information may be incorrect. [C:\Projects\ERN24004\IP\ip_repo\ad1\edit_ad1_v1_0.srcs\sources_1\new\ad1_spi.v:]
WARNING: [filemgmt 56-199] Attempt to get parsing info during refresh. "On-the-fly" syntax checking information may be incorrect. [C:\Projects\ERN24004\IP\ip_repo\ad1\edit_ad1_v1_0.srcs\sources_1\new\ad1_spi.v:]
WARNING: [filemgmt 56-199] Attempt to get parsing info during refresh. "On-the-fly" syntax checking information may be incorrect. [C:\Projects\ERN24004\IP\ip_repo\ad1\edit_ad1_v1_0.srcs\sources_1\new\ad1_spi.v:]
WARNING: [filemgmt 56-199] Attempt to get parsing info during refresh. "On-the-fly" syntax checking information may be incorrect. [C:\Projects\ERN24004\IP\ip_repo\ad1\ad1_1_0\hdl\ad1.v:]
WARNING: [filemgmt 56-199] Attempt to get parsing info during refresh. "On-the-fly" syntax checking information may be incorrect. [C:\Projects\ERN24004\IP\ip_repo\ad1\ad1_1_0\hdl\ad1_slave_lite_v1_0_S00_AXI.v:]
WARNING: [filemgmt 56-199] Attempt to get parsing info during refresh. "On-the-fly" syntax checking information may be incorrect. [C:\Projects\ERN24004\IP\ip_repo\ad1\edit_ad1_v1_0.srcs\sources_1\new\ad1_spi.v:]
WARNING: [filemgmt 56-199] Attempt to get parsing info during refresh. "On-the-fly" syntax checking information may be incorrect. [C:\Projects\ERN24004\IP\ip_repo\ad1\ad1_1_0\hdl\ad1.v:]
WARNING: [filemgmt 56-199] Attempt to get parsing info during refresh. "On-the-fly" syntax checking information may be incorrect. [C:\Projects\ERN24004\IP\ip_repo\ad1\ad1_1_0\hdl\ad1.v:]
update_compile_order -fileset sources_1
WARNING: [filemgmt 56-199] Attempt to get parsing info during refresh. "On-the-fly" syntax checking information may be incorrect. [C:\Projects\ERN24004\IP\ip_repo\ad1\ad1_1_0\hdl\ad1.v:]
WARNING: [filemgmt 56-199] Attempt to get parsing info during refresh. "On-the-fly" syntax checking information may be incorrect. [C:\Projects\ERN24004\IP\ip_repo\ad1\ad1_1_0\hdl\ad1_slave_lite_v1_0_S00_AXI.v:]
WARNING: [filemgmt 56-199] Attempt to get parsing info during refresh. "On-the-fly" syntax checking information may be incorrect. [C:\Projects\ERN24004\IP\ip_repo\ad1\edit_ad1_v1_0.srcs\sources_1\new\ad1_spi.v:]
WARNING: [filemgmt 56-199] Attempt to get parsing info during refresh. "On-the-fly" syntax checking information may be incorrect. [C:\Projects\ERN24004\IP\ip_repo\ad1\edit_ad1_v1_0.srcs\sources_1\new\ad1_spi.v:]
WARNING: [filemgmt 56-199] Attempt to get parsing info during refresh. "On-the-fly" syntax checking information may be incorrect. [C:\Projects\ERN24004\IP\ip_repo\ad1\edit_ad1_v1_0.srcs\sources_1\new\ad1_spi.v:]
WARNING: [filemgmt 56-199] Attempt to get parsing info during refresh. "On-the-fly" syntax checking information may be incorrect. [C:\Projects\ERN24004\IP\ip_repo\ad1\ad1_1_0\hdl\ad1.v:]
WARNING: [filemgmt 56-199] Attempt to get parsing info during refresh. "On-the-fly" syntax checking information may be incorrect. [C:\Projects\ERN24004\IP\ip_repo\ad1\ad1_1_0\hdl\ad1_slave_lite_v1_0_S00_AXI.v:]
reset_run synth_1
launch_runs synth_1 -jobs 4
WARNING: [Vivado 12-7122] Auto Incremental Compile:: No reference checkpoint was found in run synth_1. Auto-incremental flow will not be run, the standard flow will be run instead.
[Wed Oct 30 16:14:49 2024] Launched synth_1...
Run output will be captured here: C:/Projects/ERN24004/IP/ip_repo/ad1/edit_ad1_v1_0.runs/synth_1/runme.log
exit
INFO: [Common 17-206] Exiting Vivado at Wed Oct 30 16:20:14 2024...
