#-----------------------------------------------------------
# Vivado v2024.1.2 (64-bit)
# SW Build 5164865 on Thu Sep  5 14:37:11 MDT 2024
# IP Build 5164407 on Fri Sep  6 08:18:11 MDT 2024
# SharedData Build 5164864 on Thu Sep 05 13:09:09 MDT 2024
# Start of session at: Mon Nov  4 08:55:15 2024
# Process ID: 21048
# Current directory: C:/Projects/ERN24004/IP/ip_repo/adc_dma
# Command line: vivado.exe -gui_launcher_event rodinguilauncherevent11708 C:\Projects\ERN24004\IP\ip_repo\adc_dma\edit_adc_dma_v1_0.xpr
# Log file: C:/Projects/ERN24004/IP/ip_repo/adc_dma/vivado.log
# Journal file: C:/Projects/ERN24004/IP/ip_repo/adc_dma\vivado.jou
# Running On        :DonGun
# Platform          :Windows Server 2016 or Windows 10
# Operating System  :22631
# Processor Detail  :13th Gen Intel(R) Core(TM) i7-13700K
# CPU Frequency     :3418 MHz
# CPU Physical cores:16
# CPU Logical cores :24
# Host memory       :34124 MB
# Swap memory       :2147 MB
# Total Virtual     :36272 MB
# Available Virtual :25937 MB
#-----------------------------------------------------------
start_gui
open_project C:/Projects/ERN24004/IP/ip_repo/adc_dma/edit_adc_dma_v1_0.xpr
WARNING: [Board 49-26] cannot add Board Part xilinx.com:vek280_es:part0:1.0 available at C:/Xilinx/Vivado/2024.1/data/xhub/boards/XilinxBoardStore/boards/Xilinx/vek280/es/rev_a/1.0/board.xml as part xcve2802-vsvh1760-2lp-e-s-es1 specified in board_part file is either invalid or not available
WARNING: [Board 49-26] cannot add Board Part xilinx.com:vek280_es:part0:1.1 available at C:/Xilinx/Vivado/2024.1/data/xhub/boards/XilinxBoardStore/boards/Xilinx/vek280/es/rev_a/1.1/board.xml as part xcve2802-vsvh1760-2lp-e-s-es1 specified in board_part file is either invalid or not available
WARNING: [Board 49-26] cannot add Board Part xilinx.com:vek280_es_revb:part0:1.0 available at C:/Xilinx/Vivado/2024.1/data/xhub/boards/XilinxBoardStore/boards/Xilinx/vek280/es/rev_b/1.0/board.xml as part xcve2802-vsvh1760-2mp-e-s-es1 specified in board_part file is either invalid or not available
WARNING: [Board 49-26] cannot add Board Part xilinx.com:vek280_es_revb:part0:1.1 available at C:/Xilinx/Vivado/2024.1/data/xhub/boards/XilinxBoardStore/boards/Xilinx/vek280/es/rev_b/1.1/board.xml as part xcve2802-vsvh1760-2mp-e-s-es1 specified in board_part file is either invalid or not available
WARNING: [Board 49-26] cannot add Board Part xilinx.com:vhk158_es:part0:1.0 available at C:/Xilinx/Vivado/2024.1/data/xhub/boards/XilinxBoardStore/boards/Xilinx/vhk158/es/1.0/board.xml as part xcvh1582-vsva3697-2mp-e-s-es1 specified in board_part file is either invalid or not available
WARNING: [Board 49-26] cannot add Board Part xilinx.com:vhk158_es:part0:1.1 available at C:/Xilinx/Vivado/2024.1/data/xhub/boards/XilinxBoardStore/boards/Xilinx/vhk158/es/1.1/board.xml as part xcvh1582-vsva3697-2mp-e-s-es1 specified in board_part file is either invalid or not available
WARNING: [Board 49-26] cannot add Board Part xilinx.com:zcu208ld:part0:2.0 available at C:/Xilinx/Vivado/2024.1/data/xhub/boards/XilinxBoardStore/boards/Xilinx/zcu208ld/production/2.0/board.xml as part xczu58dr-fsvg1517-2-i specified in board_part file is either invalid or not available
WARNING: [Board 49-26] cannot add Board Part xilinx.com:zcu216ld:part0:2.0 available at C:/Xilinx/Vivado/2024.1/data/xhub/boards/XilinxBoardStore/boards/Xilinx/zcu216ld/production/2.0/board.xml as part xczu59dr-ffvf1760-2-i specified in board_part file is either invalid or not available
WARNING: [Board 49-26] cannot add Board Part xilinx.com:zcu670ld:part0:1.0 available at C:/Xilinx/Vivado/2024.1/data/xhub/boards/XilinxBoardStore/boards/Xilinx/zcu670ld/1.0/board.xml as part xczu57dr-fsve1156-2-i specified in board_part file is either invalid or not available
INFO: [filemgmt 56-3] Default IP Output Path : Could not find the directory 'C:/Projects/ERN24004/IP/ip_repo/adc_dma/edit_adc_dma_v1_0.gen/sources_1'.
Scanning sources...
Finished scanning sources
INFO: [IP_Flow 19-234] Refreshing IP repositories
WARNING: [IP_Flow 19-3685] Ignored loading user repository 'c:/Projects/ERN24004/IP/ip_repo/adc_dma/adc_dma_1_0'. The path is contained within another repository.
INFO: [IP_Flow 19-1700] Loaded user IP repository 'c:/Projects/ERN24004/IP/ip_repo'.
WARNING: [IP_Flow 19-3656] If you move the project, the path for repository 'c:/Projects/ERN24004/IP/ip_repo' may become invalid. A better location for the repository would be in a path adjacent to the project. (Current project location is 'c:/Projects/ERN24004/IP/ip_repo/adc_dma'.)
INFO: [IP_Flow 19-1700] Loaded user IP repository 'c:/Projects/ERN24004/digilent/vivado-library-master'.
INFO: [IP_Flow 19-2313] Loaded Vivado IP repository 'C:/Xilinx/Vivado/2024.1/data/ip'.
open_project: Time (s): cpu = 00:00:06 ; elapsed = 00:00:14 . Memory (MB): peak = 1757.082 ; gain = 501.449
update_compile_order -fileset sources_1
WARNING: [filemgmt 56-199] Attempt to get parsing info during refresh. "On-the-fly" syntax checking information may be incorrect. [C:\Projects\ERN24004\IP\ip_repo\adc_dma\adc_dma_1_0\hdl\adc_dma_master_lite_v1_0_M00_AXI.v:]
WARNING: [filemgmt 56-199] Attempt to get parsing info during refresh. "On-the-fly" syntax checking information may be incorrect. [C:\Projects\ERN24004\IP\ip_repo\adc_dma\adc_dma_1_0\hdl\adc_dma_slave_lite_v1_0_S00_AXI.v:]
WARNING: [filemgmt 56-199] Attempt to get parsing info during refresh. "On-the-fly" syntax checking information may be incorrect. [C:\Projects\ERN24004\IP\ip_repo\adc_dma\adc_dma_1_0\hdl\adc_dma_master_lite_v1_0_M00_AXI.v:]
WARNING: [filemgmt 56-199] Attempt to get parsing info during refresh. "On-the-fly" syntax checking information may be incorrect. [C:\Projects\ERN24004\IP\ip_repo\adc_dma\adc_dma_1_0\hdl\adc_dma_master_lite_v1_0_M00_AXI.v:]
ERROR: [Common 17-180] Spawn failed: No error
WARNING: [filemgmt 56-199] Attempt to get parsing info during refresh. "On-the-fly" syntax checking information may be incorrect. [C:\Projects\ERN24004\IP\ip_repo\adc_dma\adc_dma_1_0\hdl\adc_dma_master_lite_v1_0_M00_AXI.v:]
WARNING: [filemgmt 56-199] Attempt to get parsing info during refresh. "On-the-fly" syntax checking information may be incorrect. [C:\Projects\ERN24004\IP\ip_repo\adc_dma\adc_dma_1_0\hdl\adc_dma_slave_lite_v1_0_S00_AXI.v:]
WARNING: [filemgmt 56-199] Attempt to get parsing info during refresh. "On-the-fly" syntax checking information may be incorrect. [C:\Projects\ERN24004\IP\ip_repo\adc_dma\adc_dma_1_0\hdl\adc_dma_master_lite_v1_0_M00_AXI.v:]
WARNING: [filemgmt 56-199] Attempt to get parsing info during refresh. "On-the-fly" syntax checking information may be incorrect. [C:\Projects\ERN24004\IP\ip_repo\adc_dma\adc_dma_1_0\hdl\adc_dma_master_lite_v1_0_M00_AXI.v:]
ERROR: [Common 17-180] Spawn failed: No error
WARNING: [filemgmt 56-199] Attempt to get parsing info during refresh. "On-the-fly" syntax checking information may be incorrect. [C:\Projects\ERN24004\IP\ip_repo\adc_dma\adc_dma_1_0\hdl\adc_dma_master_lite_v1_0_M00_AXI.v:]
WARNING: [filemgmt 56-199] Attempt to get parsing info during refresh. "On-the-fly" syntax checking information may be incorrect. [C:\Projects\ERN24004\IP\ip_repo\adc_dma\adc_dma_1_0\hdl\adc_dma_slave_lite_v1_0_S00_AXI.v:]
WARNING: [filemgmt 56-199] Attempt to get parsing info during refresh. "On-the-fly" syntax checking information may be incorrect. [C:\Projects\ERN24004\IP\ip_repo\adc_dma\adc_dma_1_0\hdl\adc_dma_master_lite_v1_0_M00_AXI.v:]
WARNING: [filemgmt 56-199] Attempt to get parsing info during refresh. "On-the-fly" syntax checking information may be incorrect. [C:\Projects\ERN24004\IP\ip_repo\adc_dma\adc_dma_1_0\hdl\adc_dma_master_lite_v1_0_M00_AXI.v:]
ERROR: [Common 17-180] Spawn failed: No error
WARNING: [filemgmt 56-199] Attempt to get parsing info during refresh. "On-the-fly" syntax checking information may be incorrect. [C:\Projects\ERN24004\IP\ip_repo\adc_dma\adc_dma_1_0\hdl\adc_dma_master_lite_v1_0_M00_AXI.v:]
WARNING: [filemgmt 56-199] Attempt to get parsing info during refresh. "On-the-fly" syntax checking information may be incorrect. [C:\Projects\ERN24004\IP\ip_repo\adc_dma\adc_dma_1_0\hdl\adc_dma_slave_lite_v1_0_S00_AXI.v:]
WARNING: [filemgmt 56-199] Attempt to get parsing info during refresh. "On-the-fly" syntax checking information may be incorrect. [C:\Projects\ERN24004\IP\ip_repo\adc_dma\adc_dma_1_0\hdl\adc_dma_slave_lite_v1_0_S00_AXI.v:]
WARNING: [filemgmt 56-199] Attempt to get parsing info during refresh. "On-the-fly" syntax checking information may be incorrect. [C:\Projects\ERN24004\IP\ip_repo\adc_dma\adc_dma_1_0\hdl\adc_dma_slave_lite_v1_0_S00_AXI.v:]
ERROR: [Common 17-180] Spawn failed: No error
WARNING: [filemgmt 56-199] Attempt to get parsing info during refresh. "On-the-fly" syntax checking information may be incorrect. [C:\Projects\ERN24004\IP\ip_repo\adc_dma\adc_dma_1_0\hdl\adc_dma_master_lite_v1_0_M00_AXI.v:]
WARNING: [filemgmt 56-199] Attempt to get parsing info during refresh. "On-the-fly" syntax checking information may be incorrect. [C:\Projects\ERN24004\IP\ip_repo\adc_dma\adc_dma_1_0\hdl\adc_dma_slave_lite_v1_0_S00_AXI.v:]
WARNING: [filemgmt 56-199] Attempt to get parsing info during refresh. "On-the-fly" syntax checking information may be incorrect. [C:\Projects\ERN24004\IP\ip_repo\adc_dma\adc_dma_1_0\hdl\adc_dma_master_lite_v1_0_M00_AXI.v:]
WARNING: [filemgmt 56-199] Attempt to get parsing info during refresh. "On-the-fly" syntax checking information may be incorrect. [C:\Projects\ERN24004\IP\ip_repo\adc_dma\adc_dma_1_0\hdl\adc_dma_master_lite_v1_0_M00_AXI.v:]
ERROR: [Common 17-180] Spawn failed: No error
WARNING: [filemgmt 56-199] Attempt to get parsing info during refresh. "On-the-fly" syntax checking information may be incorrect. [C:\Projects\ERN24004\IP\ip_repo\adc_dma\adc_dma_1_0\hdl\adc_dma_master_lite_v1_0_M00_AXI.v:]
WARNING: [filemgmt 56-199] Attempt to get parsing info during refresh. "On-the-fly" syntax checking information may be incorrect. [C:\Projects\ERN24004\IP\ip_repo\adc_dma\adc_dma_1_0\hdl\adc_dma_slave_lite_v1_0_S00_AXI.v:]
WARNING: [filemgmt 56-199] Attempt to get parsing info during refresh. "On-the-fly" syntax checking information may be incorrect. [C:\Projects\ERN24004\IP\ip_repo\adc_dma\adc_dma_1_0\hdl\adc_dma_master_lite_v1_0_M00_AXI.v:]
WARNING: [filemgmt 56-199] Attempt to get parsing info during refresh. "On-the-fly" syntax checking information may be incorrect. [C:\Projects\ERN24004\IP\ip_repo\adc_dma\adc_dma_1_0\hdl\adc_dma_master_lite_v1_0_M00_AXI.v:]
ERROR: [Common 17-180] Spawn failed: No error
WARNING: [filemgmt 56-199] Attempt to get parsing info during refresh. "On-the-fly" syntax checking information may be incorrect. [C:\Projects\ERN24004\IP\ip_repo\adc_dma\adc_dma_1_0\hdl\adc_dma_master_lite_v1_0_M00_AXI.v:]
WARNING: [filemgmt 56-199] Attempt to get parsing info during refresh. "On-the-fly" syntax checking information may be incorrect. [C:\Projects\ERN24004\IP\ip_repo\adc_dma\adc_dma_1_0\hdl\adc_dma_slave_lite_v1_0_S00_AXI.v:]
WARNING: [filemgmt 56-199] Attempt to get parsing info during refresh. "On-the-fly" syntax checking information may be incorrect. [C:\Projects\ERN24004\IP\ip_repo\adc_dma\adc_dma_1_0\hdl\adc_dma_master_lite_v1_0_M00_AXI.v:]
WARNING: [filemgmt 56-199] Attempt to get parsing info during refresh. "On-the-fly" syntax checking information may be incorrect. [C:\Projects\ERN24004\IP\ip_repo\adc_dma\adc_dma_1_0\hdl\adc_dma_master_lite_v1_0_M00_AXI.v:]
ERROR: [Common 17-180] Spawn failed: No error
WARNING: [filemgmt 56-199] Attempt to get parsing info during refresh. "On-the-fly" syntax checking information may be incorrect. [C:\Projects\ERN24004\IP\ip_repo\adc_dma\adc_dma_1_0\hdl\adc_dma_master_lite_v1_0_M00_AXI.v:]
WARNING: [filemgmt 56-199] Attempt to get parsing info during refresh. "On-the-fly" syntax checking information may be incorrect. [C:\Projects\ERN24004\IP\ip_repo\adc_dma\adc_dma_1_0\hdl\adc_dma_slave_lite_v1_0_S00_AXI.v:]
WARNING: [filemgmt 56-199] Attempt to get parsing info during refresh. "On-the-fly" syntax checking information may be incorrect. [C:\Projects\ERN24004\IP\ip_repo\adc_dma\adc_dma_1_0\hdl\adc_dma_master_lite_v1_0_M00_AXI.v:]
WARNING: [filemgmt 56-199] Attempt to get parsing info during refresh. "On-the-fly" syntax checking information may be incorrect. [C:\Projects\ERN24004\IP\ip_repo\adc_dma\adc_dma_1_0\hdl\adc_dma_master_lite_v1_0_M00_AXI.v:]
ERROR: [Common 17-180] Spawn failed: No error
WARNING: [filemgmt 56-199] Attempt to get parsing info during refresh. "On-the-fly" syntax checking information may be incorrect. [C:\Projects\ERN24004\IP\ip_repo\adc_dma\adc_dma_1_0\hdl\adc_dma_master_lite_v1_0_M00_AXI.v:]
WARNING: [filemgmt 56-199] Attempt to get parsing info during refresh. "On-the-fly" syntax checking information may be incorrect. [C:\Projects\ERN24004\IP\ip_repo\adc_dma\adc_dma_1_0\hdl\adc_dma_slave_lite_v1_0_S00_AXI.v:]
WARNING: [filemgmt 56-199] Attempt to get parsing info during refresh. "On-the-fly" syntax checking information may be incorrect. [C:\Projects\ERN24004\IP\ip_repo\adc_dma\adc_dma_1_0\hdl\adc_dma_master_lite_v1_0_M00_AXI.v:]
WARNING: [filemgmt 56-199] Attempt to get parsing info during refresh. "On-the-fly" syntax checking information may be incorrect. [C:\Projects\ERN24004\IP\ip_repo\adc_dma\adc_dma_1_0\hdl\adc_dma_master_lite_v1_0_M00_AXI.v:]
ERROR: [Common 17-180] Spawn failed: No error
WARNING: [filemgmt 56-199] Attempt to get parsing info during refresh. "On-the-fly" syntax checking information may be incorrect. [C:\Projects\ERN24004\IP\ip_repo\adc_dma\adc_dma_1_0\hdl\adc_dma_master_lite_v1_0_M00_AXI.v:]
WARNING: [filemgmt 56-199] Attempt to get parsing info during refresh. "On-the-fly" syntax checking information may be incorrect. [C:\Projects\ERN24004\IP\ip_repo\adc_dma\adc_dma_1_0\hdl\adc_dma_slave_lite_v1_0_S00_AXI.v:]
WARNING: [filemgmt 56-199] Attempt to get parsing info during refresh. "On-the-fly" syntax checking information may be incorrect. [C:\Projects\ERN24004\IP\ip_repo\adc_dma\adc_dma_1_0\hdl\adc_dma_master_lite_v1_0_M00_AXI.v:]
WARNING: [filemgmt 56-199] Attempt to get parsing info during refresh. "On-the-fly" syntax checking information may be incorrect. [C:\Projects\ERN24004\IP\ip_repo\adc_dma\adc_dma_1_0\hdl\adc_dma_master_lite_v1_0_M00_AXI.v:]
ERROR: [Common 17-180] Spawn failed: No error
WARNING: [filemgmt 56-199] Attempt to get parsing info during refresh. "On-the-fly" syntax checking information may be incorrect. [C:\Projects\ERN24004\IP\ip_repo\adc_dma\adc_dma_1_0\hdl\adc_dma_master_lite_v1_0_M00_AXI.v:]
WARNING: [filemgmt 56-199] Attempt to get parsing info during refresh. "On-the-fly" syntax checking information may be incorrect. [C:\Projects\ERN24004\IP\ip_repo\adc_dma\adc_dma_1_0\hdl\adc_dma_slave_lite_v1_0_S00_AXI.v:]
WARNING: [filemgmt 56-199] Attempt to get parsing info during refresh. "On-the-fly" syntax checking information may be incorrect. [C:\Projects\ERN24004\IP\ip_repo\adc_dma\adc_dma_1_0\hdl\adc_dma_master_lite_v1_0_M00_AXI.v:]
WARNING: [filemgmt 56-199] Attempt to get parsing info during refresh. "On-the-fly" syntax checking information may be incorrect. [C:\Projects\ERN24004\IP\ip_repo\adc_dma\adc_dma_1_0\hdl\adc_dma_master_lite_v1_0_M00_AXI.v:]
ERROR: [Common 17-180] Spawn failed: No error
WARNING: [filemgmt 56-199] Attempt to get parsing info during refresh. "On-the-fly" syntax checking information may be incorrect. [C:\Projects\ERN24004\IP\ip_repo\adc_dma\adc_dma_1_0\hdl\adc_dma_master_lite_v1_0_M00_AXI.v:]
WARNING: [filemgmt 56-199] Attempt to get parsing info during refresh. "On-the-fly" syntax checking information may be incorrect. [C:\Projects\ERN24004\IP\ip_repo\adc_dma\adc_dma_1_0\hdl\adc_dma_slave_lite_v1_0_S00_AXI.v:]
WARNING: [filemgmt 56-199] Attempt to get parsing info during refresh. "On-the-fly" syntax checking information may be incorrect. [C:\Projects\ERN24004\IP\ip_repo\adc_dma\adc_dma_1_0\hdl\adc_dma_master_lite_v1_0_M00_AXI.v:]
WARNING: [filemgmt 56-199] Attempt to get parsing info during refresh. "On-the-fly" syntax checking information may be incorrect. [C:\Projects\ERN24004\IP\ip_repo\adc_dma\adc_dma_1_0\hdl\adc_dma_master_lite_v1_0_M00_AXI.v:]
ERROR: [Common 17-180] Spawn failed: No error
WARNING: [filemgmt 56-199] Attempt to get parsing info during refresh. "On-the-fly" syntax checking information may be incorrect. [C:\Projects\ERN24004\IP\ip_repo\adc_dma\adc_dma_1_0\hdl\adc_dma_master_lite_v1_0_M00_AXI.v:]
WARNING: [filemgmt 56-199] Attempt to get parsing info during refresh. "On-the-fly" syntax checking information may be incorrect. [C:\Projects\ERN24004\IP\ip_repo\adc_dma\adc_dma_1_0\hdl\adc_dma_slave_lite_v1_0_S00_AXI.v:]
WARNING: [filemgmt 56-199] Attempt to get parsing info during refresh. "On-the-fly" syntax checking information may be incorrect. [C:\Projects\ERN24004\IP\ip_repo\adc_dma\adc_dma_1_0\hdl\adc_dma_master_lite_v1_0_M00_AXI.v:]
WARNING: [filemgmt 56-199] Attempt to get parsing info during refresh. "On-the-fly" syntax checking information may be incorrect. [C:\Projects\ERN24004\IP\ip_repo\adc_dma\adc_dma_1_0\hdl\adc_dma_master_lite_v1_0_M00_AXI.v:]
ERROR: [Common 17-180] Spawn failed: No error
WARNING: [filemgmt 56-199] Attempt to get parsing info during refresh. "On-the-fly" syntax checking information may be incorrect. [C:\Projects\ERN24004\IP\ip_repo\adc_dma\adc_dma_1_0\hdl\adc_dma_master_lite_v1_0_M00_AXI.v:]
WARNING: [filemgmt 56-199] Attempt to get parsing info during refresh. "On-the-fly" syntax checking information may be incorrect. [C:\Projects\ERN24004\IP\ip_repo\adc_dma\adc_dma_1_0\hdl\adc_dma_slave_lite_v1_0_S00_AXI.v:]
WARNING: [filemgmt 56-199] Attempt to get parsing info during refresh. "On-the-fly" syntax checking information may be incorrect. [C:\Projects\ERN24004\IP\ip_repo\adc_dma\adc_dma_1_0\hdl\adc_dma_master_lite_v1_0_M00_AXI.v:]
WARNING: [filemgmt 56-199] Attempt to get parsing info during refresh. "On-the-fly" syntax checking information may be incorrect. [C:\Projects\ERN24004\IP\ip_repo\adc_dma\adc_dma_1_0\hdl\adc_dma_master_lite_v1_0_M00_AXI.v:]
ERROR: [Common 17-180] Spawn failed: No error
WARNING: [filemgmt 56-199] Attempt to get parsing info during refresh. "On-the-fly" syntax checking information may be incorrect. [C:\Projects\ERN24004\IP\ip_repo\adc_dma\adc_dma_1_0\hdl\adc_dma_master_lite_v1_0_M00_AXI.v:]
WARNING: [filemgmt 56-199] Attempt to get parsing info during refresh. "On-the-fly" syntax checking information may be incorrect. [C:\Projects\ERN24004\IP\ip_repo\adc_dma\adc_dma_1_0\hdl\adc_dma_slave_lite_v1_0_S00_AXI.v:]
WARNING: [filemgmt 56-199] Attempt to get parsing info during refresh. "On-the-fly" syntax checking information may be incorrect. [C:\Projects\ERN24004\IP\ip_repo\adc_dma\adc_dma_1_0\hdl\adc_dma_master_lite_v1_0_M00_AXI.v:]
WARNING: [filemgmt 56-199] Attempt to get parsing info during refresh. "On-the-fly" syntax checking information may be incorrect. [C:\Projects\ERN24004\IP\ip_repo\adc_dma\adc_dma_1_0\hdl\adc_dma_master_lite_v1_0_M00_AXI.v:]
ERROR: [Common 17-180] Spawn failed: No error
WARNING: [filemgmt 56-199] Attempt to get parsing info during refresh. "On-the-fly" syntax checking information may be incorrect. [C:\Projects\ERN24004\IP\ip_repo\adc_dma\adc_dma_1_0\hdl\adc_dma_master_lite_v1_0_M00_AXI.v:]
WARNING: [filemgmt 56-199] Attempt to get parsing info during refresh. "On-the-fly" syntax checking information may be incorrect. [C:\Projects\ERN24004\IP\ip_repo\adc_dma\adc_dma_1_0\hdl\adc_dma_slave_lite_v1_0_S00_AXI.v:]
WARNING: [filemgmt 56-199] Attempt to get parsing info during refresh. "On-the-fly" syntax checking information may be incorrect. [C:\Projects\ERN24004\IP\ip_repo\adc_dma\adc_dma_1_0\hdl\adc_dma_master_lite_v1_0_M00_AXI.v:]
WARNING: [filemgmt 56-199] Attempt to get parsing info during refresh. "On-the-fly" syntax checking information may be incorrect. [C:\Projects\ERN24004\IP\ip_repo\adc_dma\adc_dma_1_0\hdl\adc_dma_master_lite_v1_0_M00_AXI.v:]
ERROR: [Common 17-180] Spawn failed: No error
WARNING: [filemgmt 56-199] Attempt to get parsing info during refresh. "On-the-fly" syntax checking information may be incorrect. [C:\Projects\ERN24004\IP\ip_repo\adc_dma\adc_dma_1_0\hdl\adc_dma_master_lite_v1_0_M00_AXI.v:]
WARNING: [filemgmt 56-199] Attempt to get parsing info during refresh. "On-the-fly" syntax checking information may be incorrect. [C:\Projects\ERN24004\IP\ip_repo\adc_dma\adc_dma_1_0\hdl\adc_dma_slave_lite_v1_0_S00_AXI.v:]
WARNING: [filemgmt 56-199] Attempt to get parsing info during refresh. "On-the-fly" syntax checking information may be incorrect. [C:\Projects\ERN24004\IP\ip_repo\adc_dma\adc_dma_1_0\hdl\adc_dma_master_lite_v1_0_M00_AXI.v:]
WARNING: [filemgmt 56-199] Attempt to get parsing info during refresh. "On-the-fly" syntax checking information may be incorrect. [C:\Projects\ERN24004\IP\ip_repo\adc_dma\adc_dma_1_0\hdl\adc_dma_master_lite_v1_0_M00_AXI.v:]
ERROR: [Common 17-180] Spawn failed: No error
update_compile_order -fileset sources_1
WARNING: [filemgmt 56-199] Attempt to get parsing info during refresh. "On-the-fly" syntax checking information may be incorrect. [C:\Projects\ERN24004\IP\ip_repo\adc_dma\adc_dma_1_0\hdl\adc_dma_master_lite_v1_0_M00_AXI.v:]
WARNING: [filemgmt 56-199] Attempt to get parsing info during refresh. "On-the-fly" syntax checking information may be incorrect. [C:\Projects\ERN24004\IP\ip_repo\adc_dma\adc_dma_1_0\hdl\adc_dma_slave_lite_v1_0_S00_AXI.v:]
WARNING: [filemgmt 56-199] Attempt to get parsing info during refresh. "On-the-fly" syntax checking information may be incorrect. [C:\Projects\ERN24004\IP\ip_repo\adc_dma\adc_dma_1_0\hdl\adc_dma_master_lite_v1_0_M00_AXI.v:]
WARNING: [filemgmt 56-199] Attempt to get parsing info during refresh. "On-the-fly" syntax checking information may be incorrect. [C:\Projects\ERN24004\IP\ip_repo\adc_dma\adc_dma_1_0\hdl\adc_dma_master_lite_v1_0_M00_AXI.v:]
ERROR: [Common 17-180] Spawn failed: No error
WARNING: [filemgmt 56-199] Attempt to get parsing info during refresh. "On-the-fly" syntax checking information may be incorrect. [C:\Projects\ERN24004\IP\ip_repo\adc_dma\adc_dma_1_0\hdl\adc_dma_master_lite_v1_0_M00_AXI.v:]
WARNING: [filemgmt 56-199] Attempt to get parsing info during refresh. "On-the-fly" syntax checking information may be incorrect. [C:\Projects\ERN24004\IP\ip_repo\adc_dma\adc_dma_1_0\hdl\adc_dma_slave_lite_v1_0_S00_AXI.v:]
WARNING: [filemgmt 56-199] Attempt to get parsing info during refresh. "On-the-fly" syntax checking information may be incorrect. [C:\Projects\ERN24004\IP\ip_repo\adc_dma\adc_dma_1_0\hdl\adc_dma_master_lite_v1_0_M00_AXI.v:]
WARNING: [filemgmt 56-199] Attempt to get parsing info during refresh. "On-the-fly" syntax checking information may be incorrect. [C:\Projects\ERN24004\IP\ip_repo\adc_dma\adc_dma_1_0\hdl\adc_dma_master_lite_v1_0_M00_AXI.v:]
ERROR: [Common 17-180] Spawn failed: No error
update_compile_order -fileset sources_1
WARNING: [filemgmt 56-199] Attempt to get parsing info during refresh. "On-the-fly" syntax checking information may be incorrect. [C:\Projects\ERN24004\IP\ip_repo\adc_dma\adc_dma_1_0\hdl\adc_dma_master_lite_v1_0_M00_AXI.v:]
WARNING: [filemgmt 56-199] Attempt to get parsing info during refresh. "On-the-fly" syntax checking information may be incorrect. [C:\Projects\ERN24004\IP\ip_repo\adc_dma\adc_dma_1_0\hdl\adc_dma_slave_lite_v1_0_S00_AXI.v:]
WARNING: [filemgmt 56-199] Attempt to get parsing info during refresh. "On-the-fly" syntax checking information may be incorrect. [C:\Projects\ERN24004\IP\ip_repo\adc_dma\adc_dma_1_0\hdl\adc_dma_master_lite_v1_0_M00_AXI.v:]
WARNING: [filemgmt 56-199] Attempt to get parsing info during refresh. "On-the-fly" syntax checking information may be incorrect. [C:\Projects\ERN24004\IP\ip_repo\adc_dma\adc_dma_1_0\hdl\adc_dma_master_lite_v1_0_M00_AXI.v:]
ERROR: [Common 17-180] Spawn failed: No error
WARNING: [filemgmt 56-199] Attempt to get parsing info during refresh. "On-the-fly" syntax checking information may be incorrect. [C:\Projects\ERN24004\IP\ip_repo\adc_dma\adc_dma_1_0\hdl\adc_dma_master_lite_v1_0_M00_AXI.v:]
WARNING: [filemgmt 56-199] Attempt to get parsing info during refresh. "On-the-fly" syntax checking information may be incorrect. [C:\Projects\ERN24004\IP\ip_repo\adc_dma\adc_dma_1_0\hdl\adc_dma_slave_lite_v1_0_S00_AXI.v:]
WARNING: [filemgmt 56-199] Attempt to get parsing info during refresh. "On-the-fly" syntax checking information may be incorrect. [C:\Projects\ERN24004\IP\ip_repo\adc_dma\adc_dma_1_0\hdl\adc_dma_master_lite_v1_0_M00_AXI.v:]
WARNING: [filemgmt 56-199] Attempt to get parsing info during refresh. "On-the-fly" syntax checking information may be incorrect. [C:\Projects\ERN24004\IP\ip_repo\adc_dma\adc_dma_1_0\hdl\adc_dma_master_lite_v1_0_M00_AXI.v:]
ERROR: [Common 17-180] Spawn failed: No error
WARNING: [filemgmt 56-199] Attempt to get parsing info during refresh. "On-the-fly" syntax checking information may be incorrect. [C:\Projects\ERN24004\IP\ip_repo\adc_dma\adc_dma_1_0\hdl\adc_dma_master_lite_v1_0_M00_AXI.v:]
WARNING: [filemgmt 56-199] Attempt to get parsing info during refresh. "On-the-fly" syntax checking information may be incorrect. [C:\Projects\ERN24004\IP\ip_repo\adc_dma\adc_dma_1_0\hdl\adc_dma_slave_lite_v1_0_S00_AXI.v:]
WARNING: [filemgmt 56-199] Attempt to get parsing info during refresh. "On-the-fly" syntax checking information may be incorrect. [C:\Projects\ERN24004\IP\ip_repo\adc_dma\adc_dma_1_0\hdl\adc_dma_slave_lite_v1_0_S00_AXI.v:]
WARNING: [filemgmt 56-199] Attempt to get parsing info during refresh. "On-the-fly" syntax checking information may be incorrect. [C:\Projects\ERN24004\IP\ip_repo\adc_dma\adc_dma_1_0\hdl\adc_dma_slave_lite_v1_0_S00_AXI.v:]
ERROR: [Common 17-180] Spawn failed: No error
WARNING: [filemgmt 56-199] Attempt to get parsing info during refresh. "On-the-fly" syntax checking information may be incorrect. [C:\Projects\ERN24004\IP\ip_repo\adc_dma\adc_dma_1_0\hdl\adc_dma_master_lite_v1_0_M00_AXI.v:]
WARNING: [filemgmt 56-199] Attempt to get parsing info during refresh. "On-the-fly" syntax checking information may be incorrect. [C:\Projects\ERN24004\IP\ip_repo\adc_dma\adc_dma_1_0\hdl\adc_dma_slave_lite_v1_0_S00_AXI.v:]
WARNING: [filemgmt 56-199] Attempt to get parsing info during refresh. "On-the-fly" syntax checking information may be incorrect. [C:\Projects\ERN24004\IP\ip_repo\adc_dma\adc_dma_1_0\hdl\adc_dma_master_lite_v1_0_M00_AXI.v:]
WARNING: [filemgmt 56-199] Attempt to get parsing info during refresh. "On-the-fly" syntax checking information may be incorrect. [C:\Projects\ERN24004\IP\ip_repo\adc_dma\adc_dma_1_0\hdl\adc_dma_master_lite_v1_0_M00_AXI.v:]
ERROR: [Common 17-180] Spawn failed: No error
WARNING: [filemgmt 56-199] Attempt to get parsing info during refresh. "On-the-fly" syntax checking information may be incorrect. [C:\Projects\ERN24004\IP\ip_repo\adc_dma\adc_dma_1_0\hdl\adc_dma_master_lite_v1_0_M00_AXI.v:]
WARNING: [filemgmt 56-199] Attempt to get parsing info during refresh. "On-the-fly" syntax checking information may be incorrect. [C:\Projects\ERN24004\IP\ip_repo\adc_dma\adc_dma_1_0\hdl\adc_dma_slave_lite_v1_0_S00_AXI.v:]
WARNING: [filemgmt 56-199] Attempt to get parsing info during refresh. "On-the-fly" syntax checking information may be incorrect. [C:\Projects\ERN24004\IP\ip_repo\adc_dma\adc_dma_1_0\hdl\adc_dma_slave_lite_v1_0_S00_AXI.v:]
WARNING: [filemgmt 56-199] Attempt to get parsing info during refresh. "On-the-fly" syntax checking information may be incorrect. [C:\Projects\ERN24004\IP\ip_repo\adc_dma\adc_dma_1_0\hdl\adc_dma_slave_lite_v1_0_S00_AXI.v:]
ERROR: [Common 17-180] Spawn failed: No error
WARNING: [filemgmt 56-199] Attempt to get parsing info during refresh. "On-the-fly" syntax checking information may be incorrect. [C:\Projects\ERN24004\IP\ip_repo\adc_dma\adc_dma_1_0\hdl\adc_dma_master_lite_v1_0_M00_AXI.v:]
WARNING: [filemgmt 56-199] Attempt to get parsing info during refresh. "On-the-fly" syntax checking information may be incorrect. [C:\Projects\ERN24004\IP\ip_repo\adc_dma\adc_dma_1_0\hdl\adc_dma_slave_lite_v1_0_S00_AXI.v:]
WARNING: [filemgmt 56-199] Attempt to get parsing info during refresh. "On-the-fly" syntax checking information may be incorrect. [C:\Projects\ERN24004\IP\ip_repo\adc_dma\adc_dma_1_0\hdl\adc_dma_master_lite_v1_0_M00_AXI.v:]
WARNING: [filemgmt 56-199] Attempt to get parsing info during refresh. "On-the-fly" syntax checking information may be incorrect. [C:\Projects\ERN24004\IP\ip_repo\adc_dma\adc_dma_1_0\hdl\adc_dma_master_lite_v1_0_M00_AXI.v:]
ERROR: [Common 17-180] Spawn failed: No error
WARNING: [filemgmt 56-199] Attempt to get parsing info during refresh. "On-the-fly" syntax checking information may be incorrect. [C:\Projects\ERN24004\IP\ip_repo\adc_dma\adc_dma_1_0\hdl\adc_dma_master_lite_v1_0_M00_AXI.v:]
WARNING: [filemgmt 56-199] Attempt to get parsing info during refresh. "On-the-fly" syntax checking information may be incorrect. [C:\Projects\ERN24004\IP\ip_repo\adc_dma\adc_dma_1_0\hdl\adc_dma_slave_lite_v1_0_S00_AXI.v:]
WARNING: [filemgmt 56-199] Attempt to get parsing info during refresh. "On-the-fly" syntax checking information may be incorrect. [C:\Projects\ERN24004\IP\ip_repo\adc_dma\adc_dma_1_0\hdl\adc_dma_master_lite_v1_0_M00_AXI.v:]
WARNING: [filemgmt 56-199] Attempt to get parsing info during refresh. "On-the-fly" syntax checking information may be incorrect. [C:\Projects\ERN24004\IP\ip_repo\adc_dma\adc_dma_1_0\hdl\adc_dma_master_lite_v1_0_M00_AXI.v:]
ERROR: [Common 17-180] Spawn failed: No error
WARNING: [filemgmt 56-199] Attempt to get parsing info during refresh. "On-the-fly" syntax checking information may be incorrect. [C:\Projects\ERN24004\IP\ip_repo\adc_dma\adc_dma_1_0\hdl\adc_dma_master_lite_v1_0_M00_AXI.v:]
WARNING: [filemgmt 56-199] Attempt to get parsing info during refresh. "On-the-fly" syntax checking information may be incorrect. [C:\Projects\ERN24004\IP\ip_repo\adc_dma\adc_dma_1_0\hdl\adc_dma_slave_lite_v1_0_S00_AXI.v:]
WARNING: [filemgmt 56-199] Attempt to get parsing info during refresh. "On-the-fly" syntax checking information may be incorrect. [C:\Projects\ERN24004\IP\ip_repo\adc_dma\adc_dma_1_0\hdl\adc_dma_master_lite_v1_0_M00_AXI.v:]
WARNING: [filemgmt 56-199] Attempt to get parsing info during refresh. "On-the-fly" syntax checking information may be incorrect. [C:\Projects\ERN24004\IP\ip_repo\adc_dma\adc_dma_1_0\hdl\adc_dma_master_lite_v1_0_M00_AXI.v:]
ERROR: [Common 17-180] Spawn failed: No error
WARNING: [filemgmt 56-199] Attempt to get parsing info during refresh. "On-the-fly" syntax checking information may be incorrect. [C:\Projects\ERN24004\IP\ip_repo\adc_dma\adc_dma_1_0\hdl\adc_dma.v:]
WARNING: [filemgmt 56-199] Attempt to get parsing info during refresh. "On-the-fly" syntax checking information may be incorrect. [C:\Projects\ERN24004\IP\ip_repo\adc_dma\adc_dma_1_0\hdl\adc_dma_master_lite_v1_0_M00_AXI.v:]
WARNING: [filemgmt 56-199] Attempt to get parsing info during refresh. "On-the-fly" syntax checking information may be incorrect. [C:\Projects\ERN24004\IP\ip_repo\adc_dma\adc_dma_1_0\hdl\adc_dma_slave_lite_v1_0_S00_AXI.v:]
WARNING: [filemgmt 56-199] Attempt to get parsing info during refresh. "On-the-fly" syntax checking information may be incorrect. [C:\Projects\ERN24004\IP\ip_repo\adc_dma\adc_dma_1_0\hdl\adc_dma.v:]
WARNING: [filemgmt 56-199] Attempt to get parsing info during refresh. "On-the-fly" syntax checking information may be incorrect. [C:\Projects\ERN24004\IP\ip_repo\adc_dma\adc_dma_1_0\hdl\adc_dma.v:]
WARNING: [filemgmt 56-199] Attempt to get parsing info during refresh. "On-the-fly" syntax checking information may be incorrect. [C:\Projects\ERN24004\IP\ip_repo\adc_dma\adc_dma_1_0\hdl\adc_dma.v:]
WARNING: [filemgmt 56-199] Attempt to get parsing info during refresh. "On-the-fly" syntax checking information may be incorrect. [C:\Projects\ERN24004\IP\ip_repo\adc_dma\adc_dma_1_0\hdl\adc_dma_master_lite_v1_0_M00_AXI.v:]
WARNING: [filemgmt 56-199] Attempt to get parsing info during refresh. "On-the-fly" syntax checking information may be incorrect. [C:\Projects\ERN24004\IP\ip_repo\adc_dma\adc_dma_1_0\hdl\adc_dma_slave_lite_v1_0_S00_AXI.v:]
WARNING: [filemgmt 56-199] Attempt to get parsing info during refresh. "On-the-fly" syntax checking information may be incorrect. [C:\Projects\ERN24004\IP\ip_repo\adc_dma\adc_dma_1_0\hdl\adc_dma_slave_lite_v1_0_S00_AXI.v:]
WARNING: [filemgmt 56-199] Attempt to get parsing info during refresh. "On-the-fly" syntax checking information may be incorrect. [C:\Projects\ERN24004\IP\ip_repo\adc_dma\adc_dma_1_0\hdl\adc_dma_slave_lite_v1_0_S00_AXI.v:]
WARNING: [filemgmt 56-199] Attempt to get parsing info during refresh. "On-the-fly" syntax checking information may be incorrect. [C:\Projects\ERN24004\IP\ip_repo\adc_dma\adc_dma_1_0\hdl\adc_dma.v:]
WARNING: [filemgmt 56-199] Attempt to get parsing info during refresh. "On-the-fly" syntax checking information may be incorrect. [C:\Projects\ERN24004\IP\ip_repo\adc_dma\adc_dma_1_0\hdl\adc_dma_master_lite_v1_0_M00_AXI.v:]
WARNING: [filemgmt 56-199] Attempt to get parsing info during refresh. "On-the-fly" syntax checking information may be incorrect. [C:\Projects\ERN24004\IP\ip_repo\adc_dma\adc_dma_1_0\hdl\adc_dma_slave_lite_v1_0_S00_AXI.v:]
WARNING: [filemgmt 56-199] Attempt to get parsing info during refresh. "On-the-fly" syntax checking information may be incorrect. [C:\Projects\ERN24004\IP\ip_repo\adc_dma\adc_dma_1_0\hdl\adc_dma_master_lite_v1_0_M00_AXI.v:]
WARNING: [filemgmt 56-199] Attempt to get parsing info during refresh. "On-the-fly" syntax checking information may be incorrect. [C:\Projects\ERN24004\IP\ip_repo\adc_dma\adc_dma_1_0\hdl\adc_dma_master_lite_v1_0_M00_AXI.v:]
ERROR: [Common 17-180] Spawn failed: No error
WARNING: [filemgmt 56-199] Attempt to get parsing info during refresh. "On-the-fly" syntax checking information may be incorrect. [C:\Projects\ERN24004\IP\ip_repo\adc_dma\adc_dma_1_0\hdl\adc_dma.v:]
WARNING: [filemgmt 56-199] Attempt to get parsing info during refresh. "On-the-fly" syntax checking information may be incorrect. [C:\Projects\ERN24004\IP\ip_repo\adc_dma\adc_dma_1_0\hdl\adc_dma_master_lite_v1_0_M00_AXI.v:]
WARNING: [filemgmt 56-199] Attempt to get parsing info during refresh. "On-the-fly" syntax checking information may be incorrect. [C:\Projects\ERN24004\IP\ip_repo\adc_dma\adc_dma_1_0\hdl\adc_dma_slave_lite_v1_0_S00_AXI.v:]
WARNING: [filemgmt 56-199] Attempt to get parsing info during refresh. "On-the-fly" syntax checking information may be incorrect. [C:\Projects\ERN24004\IP\ip_repo\adc_dma\adc_dma_1_0\hdl\adc_dma_slave_lite_v1_0_S00_AXI.v:]
WARNING: [filemgmt 56-199] Attempt to get parsing info during refresh. "On-the-fly" syntax checking information may be incorrect. [C:\Projects\ERN24004\IP\ip_repo\adc_dma\adc_dma_1_0\hdl\adc_dma_slave_lite_v1_0_S00_AXI.v:]
ERROR: [Common 17-180] Spawn failed: No error
exit
INFO: [Common 17-206] Exiting Vivado at Mon Nov  4 11:57:17 2024...
