#-----------------------------------------------------------
# Vivado v2024.1.2 (64-bit)
# SW Build 5164865 on Thu Sep  5 14:37:11 MDT 2024
# IP Build 5164407 on Fri Sep  6 08:18:11 MDT 2024
# SharedData Build 5164864 on Thu Sep 05 13:09:09 MDT 2024
# Start of session at: Mon Oct 21 09:18:45 2024
# Process ID: 7324
# Current directory: C:/Projects/ERN24004/IP/ip_repo/spi
# Command line: vivado.exe -gui_launcher_event rodinguilauncherevent28920 C:\Projects\ERN24004\IP\ip_repo\spi\edit_spi_v1_0.xpr
# Log file: C:/Projects/ERN24004/IP/ip_repo/spi/vivado.log
# Journal file: C:/Projects/ERN24004/IP/ip_repo/spi\vivado.jou
# Running On        :DonGun
# Platform          :Windows Server 2016 or Windows 10
# Operating System  :22631
# Processor Detail  :13th Gen Intel(R) Core(TM) i7-13700K
# CPU Frequency     :3418 MHz
# CPU Physical cores:16
# CPU Logical cores :24
# Host memory       :34124 MB
# Swap memory       :2147 MB
# Total Virtual     :36272 MB
# Available Virtual :11940 MB
#-----------------------------------------------------------
start_gui
open_project C:/Projects/ERN24004/IP/ip_repo/spi/edit_spi_v1_0.xpr
WARNING: [Board 49-26] cannot add Board Part xilinx.com:vek280_es:part0:1.0 available at C:/Xilinx/Vivado/2024.1/data/xhub/boards/XilinxBoardStore/boards/Xilinx/vek280/es/rev_a/1.0/board.xml as part xcve2802-vsvh1760-2lp-e-s-es1 specified in board_part file is either invalid or not available
WARNING: [Board 49-26] cannot add Board Part xilinx.com:vek280_es:part0:1.1 available at C:/Xilinx/Vivado/2024.1/data/xhub/boards/XilinxBoardStore/boards/Xilinx/vek280/es/rev_a/1.1/board.xml as part xcve2802-vsvh1760-2lp-e-s-es1 specified in board_part file is either invalid or not available
WARNING: [Board 49-26] cannot add Board Part xilinx.com:vek280_es_revb:part0:1.0 available at C:/Xilinx/Vivado/2024.1/data/xhub/boards/XilinxBoardStore/boards/Xilinx/vek280/es/rev_b/1.0/board.xml as part xcve2802-vsvh1760-2mp-e-s-es1 specified in board_part file is either invalid or not available
WARNING: [Board 49-26] cannot add Board Part xilinx.com:vek280_es_revb:part0:1.1 available at C:/Xilinx/Vivado/2024.1/data/xhub/boards/XilinxBoardStore/boards/Xilinx/vek280/es/rev_b/1.1/board.xml as part xcve2802-vsvh1760-2mp-e-s-es1 specified in board_part file is either invalid or not available
WARNING: [Board 49-26] cannot add Board Part xilinx.com:vhk158_es:part0:1.0 available at C:/Xilinx/Vivado/2024.1/data/xhub/boards/XilinxBoardStore/boards/Xilinx/vhk158/es/1.0/board.xml as part xcvh1582-vsva3697-2mp-e-s-es1 specified in board_part file is either invalid or not available
WARNING: [Board 49-26] cannot add Board Part xilinx.com:vhk158_es:part0:1.1 available at C:/Xilinx/Vivado/2024.1/data/xhub/boards/XilinxBoardStore/boards/Xilinx/vhk158/es/1.1/board.xml as part xcvh1582-vsva3697-2mp-e-s-es1 specified in board_part file is either invalid or not available
WARNING: [Board 49-26] cannot add Board Part xilinx.com:zcu208ld:part0:2.0 available at C:/Xilinx/Vivado/2024.1/data/xhub/boards/XilinxBoardStore/boards/Xilinx/zcu208ld/production/2.0/board.xml as part xczu58dr-fsvg1517-2-i specified in board_part file is either invalid or not available
WARNING: [Board 49-26] cannot add Board Part xilinx.com:zcu216ld:part0:2.0 available at C:/Xilinx/Vivado/2024.1/data/xhub/boards/XilinxBoardStore/boards/Xilinx/zcu216ld/production/2.0/board.xml as part xczu59dr-ffvf1760-2-i specified in board_part file is either invalid or not available
WARNING: [Board 49-26] cannot add Board Part xilinx.com:zcu670ld:part0:1.0 available at C:/Xilinx/Vivado/2024.1/data/xhub/boards/XilinxBoardStore/boards/Xilinx/zcu670ld/1.0/board.xml as part xczu57dr-fsve1156-2-i specified in board_part file is either invalid or not available
WARNING: [filemgmt 56-3] IP Repository Path: Could not find the directory 'C:/Projects/ERN24004/IP/ip_repo/spi_1_0'.
INFO: [filemgmt 56-3] Default IP Output Path : Could not find the directory 'C:/Projects/ERN24004/IP/ip_repo/spi/edit_spi_v1_0.gen/sources_1'.
Scanning sources...
Finished scanning sources
INFO: [IP_Flow 19-234] Refreshing IP repositories
INFO: [IP_Flow 19-1700] Loaded user IP repository 'c:/Projects/ERN24004/IP/ip_repo/spi/spi_1_0'.
WARNING: [IP_Flow 19-2248] Failed to load user IP repository 'c:/Projects/ERN24004/IP/ip_repo/spi_1_0'; Can't find the specified path.
If this directory should no longer be in your list of user repositories, go to the IP Settings dialog and remove it.
INFO: [IP_Flow 19-1700] Loaded user IP repository 'c:/Projects/ERN24004/digilent/vivado-library-master'.
INFO: [IP_Flow 19-2313] Loaded Vivado IP repository 'C:/Xilinx/Vivado/2024.1/data/ip'.
open_project: Time (s): cpu = 00:00:06 ; elapsed = 00:00:12 . Memory (MB): peak = 1743.402 ; gain = 504.809
update_compile_order -fileset sources_1
WARNING: [filemgmt 56-199] Attempt to get parsing info during refresh. "On-the-fly" syntax checking information may be incorrect. [C:\Projects\ERN24004\IP\ip_repo\spi\spi_1_0\hdl\spi.v:]
WARNING: [filemgmt 56-199] Attempt to get parsing info during refresh. "On-the-fly" syntax checking information may be incorrect. [C:\Projects\ERN24004\IP\ip_repo\spi\spi_1_0\hdl\spi_slave_lite_v1_0_S00_AXI.v:]
WARNING: [filemgmt 56-199] Attempt to get parsing info during refresh. "On-the-fly" syntax checking information may be incorrect. [C:\Projects\ERN24004\IP\ip_repo\spi\spi_1_0\hdl\spi_slave_lite_v1_0_S00_AXI.v:]
WARNING: [filemgmt 56-199] Attempt to get parsing info during refresh. "On-the-fly" syntax checking information may be incorrect. [C:\Projects\ERN24004\IP\ip_repo\spi\spi_1_0\hdl\spi_slave_lite_v1_0_S00_AXI.v:]
ERROR: [Common 17-180] Spawn failed: No error
update_compile_order -fileset sources_1
WARNING: [filemgmt 56-199] Attempt to get parsing info during refresh. "On-the-fly" syntax checking information may be incorrect. [C:\Projects\ERN24004\IP\ip_repo\spi\spi_1_0\hdl\spi.v:]
WARNING: [filemgmt 56-199] Attempt to get parsing info during refresh. "On-the-fly" syntax checking information may be incorrect. [C:\Projects\ERN24004\IP\ip_repo\spi\spi_1_0\hdl\spi_slave_lite_v1_0_S00_AXI.v:]
WARNING: [filemgmt 56-199] Attempt to get parsing info during refresh. "On-the-fly" syntax checking information may be incorrect. [C:\Projects\ERN24004\IP\ip_repo\spi\spi_1_0\hdl\spi_slave_lite_v1_0_S00_AXI.v:]
WARNING: [filemgmt 56-199] Attempt to get parsing info during refresh. "On-the-fly" syntax checking information may be incorrect. [C:\Projects\ERN24004\IP\ip_repo\spi\spi_1_0\hdl\spi_slave_lite_v1_0_S00_AXI.v:]
ERROR: [Common 17-180] Spawn failed: No error
WARNING: [filemgmt 56-199] Attempt to get parsing info during refresh. "On-the-fly" syntax checking information may be incorrect. [C:\Projects\ERN24004\IP\ip_repo\spi\spi_1_0\hdl\spi.v:]
WARNING: [filemgmt 56-199] Attempt to get parsing info during refresh. "On-the-fly" syntax checking information may be incorrect. [C:\Projects\ERN24004\IP\ip_repo\spi\spi_1_0\hdl\spi_slave_lite_v1_0_S00_AXI.v:]
WARNING: [filemgmt 56-199] Attempt to get parsing info during refresh. "On-the-fly" syntax checking information may be incorrect. [C:\Projects\ERN24004\IP\ip_repo\spi\spi_1_0\hdl\spi_slave_lite_v1_0_S00_AXI.v:]
WARNING: [filemgmt 56-199] Attempt to get parsing info during refresh. "On-the-fly" syntax checking information may be incorrect. [C:\Projects\ERN24004\IP\ip_repo\spi\spi_1_0\hdl\spi_slave_lite_v1_0_S00_AXI.v:]
ERROR: [Common 17-180] Spawn failed: No error
update_compile_order -fileset sources_1
WARNING: [filemgmt 56-199] Attempt to get parsing info during refresh. "On-the-fly" syntax checking information may be incorrect. [C:\Projects\ERN24004\IP\ip_repo\spi\spi_1_0\hdl\spi.v:]
WARNING: [filemgmt 56-199] Attempt to get parsing info during refresh. "On-the-fly" syntax checking information may be incorrect. [C:\Projects\ERN24004\IP\ip_repo\spi\spi_1_0\hdl\spi_slave_lite_v1_0_S00_AXI.v:]
WARNING: [filemgmt 56-199] Attempt to get parsing info during refresh. "On-the-fly" syntax checking information may be incorrect. [C:\Projects\ERN24004\IP\ip_repo\spi\spi_1_0\hdl\spi_slave_lite_v1_0_S00_AXI.v:]
WARNING: [filemgmt 56-199] Attempt to get parsing info during refresh. "On-the-fly" syntax checking information may be incorrect. [C:\Projects\ERN24004\IP\ip_repo\spi\spi_1_0\hdl\spi_slave_lite_v1_0_S00_AXI.v:]
ERROR: [Common 17-180] Spawn failed: No error
WARNING: [filemgmt 56-199] Attempt to get parsing info during refresh. "On-the-fly" syntax checking information may be incorrect. [C:\Projects\ERN24004\IP\ip_repo\spi\spi_1_0\hdl\spi.v:]
WARNING: [filemgmt 56-199] Attempt to get parsing info during refresh. "On-the-fly" syntax checking information may be incorrect. [C:\Projects\ERN24004\IP\ip_repo\spi\spi_1_0\hdl\spi_slave_lite_v1_0_S00_AXI.v:]
WARNING: [filemgmt 56-199] Attempt to get parsing info during refresh. "On-the-fly" syntax checking information may be incorrect. [C:\Projects\ERN24004\IP\ip_repo\spi\spi_1_0\hdl\spi_slave_lite_v1_0_S00_AXI.v:]
WARNING: [filemgmt 56-199] Attempt to get parsing info during refresh. "On-the-fly" syntax checking information may be incorrect. [C:\Projects\ERN24004\IP\ip_repo\spi\spi_1_0\hdl\spi_slave_lite_v1_0_S00_AXI.v:]
ERROR: [Common 17-180] Spawn failed: No error
update_compile_order -fileset sources_1
WARNING: [filemgmt 56-199] Attempt to get parsing info during refresh. "On-the-fly" syntax checking information may be incorrect. [C:\Projects\ERN24004\IP\ip_repo\spi\spi_1_0\hdl\spi.v:]
WARNING: [filemgmt 56-199] Attempt to get parsing info during refresh. "On-the-fly" syntax checking information may be incorrect. [C:\Projects\ERN24004\IP\ip_repo\spi\spi_1_0\hdl\spi_slave_lite_v1_0_S00_AXI.v:]
WARNING: [filemgmt 56-199] Attempt to get parsing info during refresh. "On-the-fly" syntax checking information may be incorrect. [C:\Projects\ERN24004\IP\ip_repo\spi\spi_1_0\hdl\spi_slave_lite_v1_0_S00_AXI.v:]
WARNING: [filemgmt 56-199] Attempt to get parsing info during refresh. "On-the-fly" syntax checking information may be incorrect. [C:\Projects\ERN24004\IP\ip_repo\spi\spi_1_0\hdl\spi_slave_lite_v1_0_S00_AXI.v:]
ERROR: [Common 17-180] Spawn failed: No error
WARNING: [filemgmt 56-199] Attempt to get parsing info during refresh. "On-the-fly" syntax checking information may be incorrect. [C:\Projects\ERN24004\IP\ip_repo\spi\spi_1_0\hdl\spi.v:]
WARNING: [filemgmt 56-199] Attempt to get parsing info during refresh. "On-the-fly" syntax checking information may be incorrect. [C:\Projects\ERN24004\IP\ip_repo\spi\spi_1_0\hdl\spi_slave_lite_v1_0_S00_AXI.v:]
WARNING: [filemgmt 56-199] Attempt to get parsing info during refresh. "On-the-fly" syntax checking information may be incorrect. [C:\Projects\ERN24004\IP\ip_repo\spi\spi_1_0\hdl\spi_slave_lite_v1_0_S00_AXI.v:]
WARNING: [filemgmt 56-199] Attempt to get parsing info during refresh. "On-the-fly" syntax checking information may be incorrect. [C:\Projects\ERN24004\IP\ip_repo\spi\spi_1_0\hdl\spi_slave_lite_v1_0_S00_AXI.v:]
ERROR: [Common 17-180] Spawn failed: No error
WARNING: [filemgmt 56-199] Attempt to get parsing info during refresh. "On-the-fly" syntax checking information may be incorrect. [C:\Projects\ERN24004\IP\ip_repo\spi\spi_1_0\hdl\spi.v:]
WARNING: [filemgmt 56-199] Attempt to get parsing info during refresh. "On-the-fly" syntax checking information may be incorrect. [C:\Projects\ERN24004\IP\ip_repo\spi\spi_1_0\hdl\spi_slave_lite_v1_0_S00_AXI.v:]
WARNING: [filemgmt 56-199] Attempt to get parsing info during refresh. "On-the-fly" syntax checking information may be incorrect. [C:\Projects\ERN24004\IP\ip_repo\spi\spi_1_0\hdl\spi_slave_lite_v1_0_S00_AXI.v:]
WARNING: [filemgmt 56-199] Attempt to get parsing info during refresh. "On-the-fly" syntax checking information may be incorrect. [C:\Projects\ERN24004\IP\ip_repo\spi\spi_1_0\hdl\spi_slave_lite_v1_0_S00_AXI.v:]
ERROR: [Common 17-180] Spawn failed: No error
WARNING: [filemgmt 56-199] Attempt to get parsing info during refresh. "On-the-fly" syntax checking information may be incorrect. [C:\Projects\ERN24004\IP\ip_repo\spi\spi_1_0\hdl\spi.v:]
WARNING: [filemgmt 56-199] Attempt to get parsing info during refresh. "On-the-fly" syntax checking information may be incorrect. [C:\Projects\ERN24004\IP\ip_repo\spi\spi_1_0\hdl\spi_slave_lite_v1_0_S00_AXI.v:]
WARNING: [filemgmt 56-199] Attempt to get parsing info during refresh. "On-the-fly" syntax checking information may be incorrect. [C:\Projects\ERN24004\IP\ip_repo\spi\spi_1_0\hdl\spi_slave_lite_v1_0_S00_AXI.v:]
WARNING: [filemgmt 56-199] Attempt to get parsing info during refresh. "On-the-fly" syntax checking information may be incorrect. [C:\Projects\ERN24004\IP\ip_repo\spi\spi_1_0\hdl\spi_slave_lite_v1_0_S00_AXI.v:]
ERROR: [Common 17-180] Spawn failed: No error
ipx::open_ipxact_file {C:\Projects\ERN24004\IP\ip_repo\spi\spi_1_0\component.xml}
set_property core_revision 4 [ipx::current_core]
ipx::create_xgui_files [ipx::current_core]
ipx::update_checksums [ipx::current_core]
ipx::check_integrity [ipx::current_core]
WARNING: [IP_Flow 19-11889] HDL Parameter 'C_S00_AXI_DATA_WIDTH (C S00 AXI DATA WIDTH)': Order is obsolete with XGUI version >= 2.0
WARNING: [IP_Flow 19-11889] HDL Parameter 'C_S00_AXI_ADDR_WIDTH (C S00 AXI ADDR WIDTH)': Order is obsolete with XGUI version >= 2.0
WARNING: [IP_Flow 19-11770] Clock interface 'S00_AXI_CLK' has no FREQ_HZ parameter.
INFO: [IP_Flow 19-2181] Payment is not required for this core.
WARNING: [IP_Flow 19-2187] The Product Guide file is missing.
INFO: [Ipptcl 7-1486] check_integrity: Integrity check passed.
ipx::save_core [ipx::current_core]
update_ip_catalog -rebuild -repo_path c:/Projects/ERN24004/IP/ip_repo/spi/spi_1_0
INFO: [IP_Flow 19-725] Reloaded user IP repository 'c:/Projects/ERN24004/IP/ip_repo/spi/spi_1_0'
WARNING: [filemgmt 56-199] Attempt to get parsing info during refresh. "On-the-fly" syntax checking information may be incorrect. [C:\Projects\ERN24004\IP\ip_repo\spi\spi_1_0\hdl\spi.v:]
WARNING: [filemgmt 56-199] Attempt to get parsing info during refresh. "On-the-fly" syntax checking information may be incorrect. [C:\Projects\ERN24004\IP\ip_repo\spi\spi_1_0\hdl\spi_slave_lite_v1_0_S00_AXI.v:]
WARNING: [filemgmt 56-199] Attempt to get parsing info during refresh. "On-the-fly" syntax checking information may be incorrect. [C:\Projects\ERN24004\IP\ip_repo\spi\spi_1_0\hdl\spi_slave_lite_v1_0_S00_AXI.v:]
WARNING: [filemgmt 56-199] Attempt to get parsing info during refresh. "On-the-fly" syntax checking information may be incorrect. [C:\Projects\ERN24004\IP\ip_repo\spi\spi_1_0\hdl\spi_slave_lite_v1_0_S00_AXI.v:]
ERROR: [Common 17-180] Spawn failed: No error
exit
INFO: [Common 17-206] Exiting Vivado at Mon Oct 21 10:14:12 2024...
